Sampling... 120  => 1 2 3 4 5 6 7 8 9 10 11 12 13 14 15 16 17 18 19 20 21 22 23 24 25 26 27 28 29 30 31 32 33 34 35 36 37 38 39 40 41 42 43 44 45 46 47 48 49 50 51 52 53 54 55 56 57 58 59 60 61 62 63 64 65 66 67 68 69 70 71 72 73 74 75 76 77 78 79 80 81 82 83 84 85 86 87 88 89 90 91 92 93 94 95 96 97 98 99 100 101 102 103 104 105 106 107 108 109 110 111 112 113 114 115 116 117 118 119 120     
    236 ??,vPortClearInterruptMaskFromISR,<xKernelLock>),ulTaskGenericNotifyTake,ipc_task
    211 esp_cpu_wait_for_intr,esp_vApplicationIdleHook,prvIdleTask
    118 ??,vPortClearInterruptMaskFromISR,<xKernelLock>),ulTaskGenericNotifyTake,timer_task
    118 prvProcessTimerOrBlockTask,out>)
    117 ESP32::Scheduler::delay_microseconds,ESP32::Scheduler::_rcout_thread
    117 ESP32::Scheduler::delay_microseconds,ESP32::Scheduler::_rcin_thread
    114 at,ESP32::Scheduler::delay_microseconds,ESP32::Scheduler::_uart_thread
    112 ESP32::Scheduler::delay_microseconds,ESP32::Scheduler::_storage_thread
    109 ESP32::Scheduler::delay_microseconds,ESP32::Scheduler::_io_thread
    106 at,ESP32::Scheduler::delay_microseconds,ESP32::Scheduler::_timer_thread
     92 ??,vPortClearInterruptMaskFromISR,at,xQueueReceive,queue_recv_wrapper,ppTask
     92 ??,vPortClearInterruptMaskFromISR,at,xQueueReceive,esp_event_loop_run,esp_event_loop_run_task
     90 ??,vPortClearInterruptMaskFromISR,at,xQueueSemaphoreTake,sys_arch_sem_wait,lwip_select,esp_vfs_select,ESP32::WiFiUdpDriver::_wifi_thread2
     90 ??,vPortClearInterruptMaskFromISR,at,xQueueReceive,sys_arch_mbox_fetch,tcpip_timeouts_mbox_fetch,at
     79 at,ESP32::Scheduler::delay_microseconds,ESP32::DeviceBus::bus_thread
     71 at,ESP32::Scheduler::delay_microseconds,AP_Logger::io_thread,Functor<void>::method_wrapper<AP_Logger,,Functor<void>::operator(),ESP32::Scheduler::thread_create_trampoline
     48 at,ESP32::Scheduler::delay_microseconds,ESP32::Scheduler::delay,GCS_MAVLINK::ftp_worker,Functor<void>::method_wrapper<GCS_MAVLINK,,Functor<void>::operator(),ESP32::Scheduler::thread_create_trampoline
     45 at,ESP32::Scheduler::delay_microseconds,AP_HAL::Scheduler::delay_microseconds_boost,AP_InertialSensor::wait_for_sample,AP_Scheduler::loop,AP_Vehicle::loop,ESP32::Scheduler::_main_thread
     17 ESP32::Scheduler::delay_microseconds,ESP32::Scheduler::delay,GCS_MAVLINK::ftp_worker,Functor<void>::method_wrapper<GCS_MAVLINK,,Functor<void>::operator(),ESP32::Scheduler::thread_create_trampoline
     17 ESP32::Scheduler::delay_microseconds,AP_Logger::io_thread,Functor<void>::method_wrapper<AP_Logger,,Functor<void>::operator(),ESP32::Scheduler::thread_create_trampoline
     12 ESP32::Scheduler::delay_microseconds,ESP32::DeviceBus::bus_thread
     12 at,ESP32::Scheduler::delay_microseconds,ESP32::Scheduler::delay,AP_Param::flush,AP_Param::convert_class,AP_GPS::convert_parameters,AP_GPS::init,Plane::init_ardupilot,AP_Vehicle::setup,ESP32::Scheduler::_main_thread
      8 at,ESP32::Scheduler::delay_microseconds,ESP32::Scheduler::delay,AP_Param::flush,AP_Param::convert_old_parameters_scaled,AP_Param::convert_old_parameters,Plane::load_parameters,AP_Vehicle::setup,ESP32::Scheduler::_main_thread
      8 at,ESP32::Scheduler::delay_microseconds,ESP32::Scheduler::delay,AP_Param::flush,AP_Param::convert_old_parameters_scaled,AP_Param::convert_old_parameters,AP_GPS::convert_parameters,AP_GPS::init,Plane::init_ardupilot,AP_Vehicle::setup,ESP32::Scheduler::_main_thread
      8 at,ESP32::Scheduler::delay_microseconds,ESP32::Scheduler::delay,AP_Param::flush,AP_Param::convert_class,AP_Param::convert_g2_objects,Plane::load_parameters,AP_Vehicle::setup,ESP32::Scheduler::_main_thread
      4 prvSelectHighestPriorityTaskSMP,at,_frxt_dispatch
      4 at,ESP32::Scheduler::delay_microseconds,ESP32::Scheduler::delay,AP_Param::flush,AP_Param::convert_class,Plane::load_parameters,AP_Vehicle::setup,ESP32::Scheduler::_main_thread
      4 at,ESP32::Scheduler::delay_microseconds,ESP32::Scheduler::delay,AP_Baro::calibrate,Plane::startup_INS,Plane::init_ardupilot,AP_Vehicle::setup,ESP32::Scheduler::_main_thread
      4 AP_FETtecOneWire::init,AP_FETtecOneWire::update,SRV_Channels::push,Plane::servos_output,Plane::set_servos,Functor<void>::method_wrapper<Plane,,Functor<void>::operator(),<plane+72>,,AP_Scheduler::loop,AP_Vehicle::loop,ESP32::Scheduler::_main_thread
      3 vPortExitCritical,xQueueGenericSend,xQueueGiveMutexRecursive,ESP32::Semaphore::give,ESP32::Scheduler::_run_timers,ESP32::Scheduler::_timer_thread
      3 crc_accumulate,crc_accumulate_buffer,msgid=<optimized,GCS_MAVLINK::send_message,<mavlink_get_msg_entry::mavlink_message_crcs+120>,,<plane+19408>,,GCS::send_parameter_value,AP_Param::send_parameter,<plane+6338>,,AP_Param::save_sync,AP_Param::save_io_handler,Functor<void>::method_wrapper<AP_Param,,Functor<void>::operator(),ESP32::Scheduler::_run_io,ESP32::Scheduler::_io_thread
      3 at,ESP32::Scheduler::delay_microseconds,ESP32::Scheduler::delay,AP_Param::flush,AP_Param::convert_class,AP_Param::convert_toplevel_objects,Plane::load_parameters,AP_Vehicle::setup,ESP32::Scheduler::_main_thread
      3 AP_InertialSensor_SITL::generate_accel,AP_InertialSensor_SITL::timer_update,Functor<void>::method_wrapper<AP_InertialSensor_SITL,,Functor<void>::operator(),ESP32::Scheduler::_run_timers,ESP32::Scheduler::_timer_thread
      2 xt_utils_get_core_id,at,at,at,at,ESP32::Scheduler::delay_microseconds,AP_Logger::io_thread,Functor<void>::method_wrapper<AP_Logger,,Functor<void>::operator(),ESP32::Scheduler::thread_create_trampoline
      2 ??,xQueueGiveMutexRecursive,ESP32::Semaphore::give,ESP32::Scheduler::_run_timers,ESP32::Scheduler::_timer_thread
      2 vTaskSwitchContext,_frxt_dispatch,_frxt_int_exit
      2 ??,vPortClearInterruptMaskFromISR,at,xQueueSemaphoreTake,sys_arch_sem_wait,tcpip_send_msg_wait_sem,esp_netif_lwip_ipc_call_msg,at,netif=<optimized,out>),esp_netif_action_start,wifi_start,wifi_default_action_ap_start,handler_execute,esp_event_loop_run,esp_event_loop_run_task
      2 uart_ll_get_txfifo_len,out>,,uart_write,data=<optimized,esp_vfs_write,write,console_write,esp_vfs_write,__swrite,__sflush_r,_fflush_r,__sfvwrite_r,__sprint_r,out>,,_vfprintf_r,vprintf,esp_log_writev,tag=0x3c15c18c,load_partitions,at,ensure_partitions_loaded,subtype=ESP_PARTITION_SUBTYPE_DATA_NVS,,esp_partition_find_first,nvs::partition_lookup::lookup_nvs_partition,nvs::NVSPartitionManager::init_partition,nvs_flash_init_partition,"nvs"),at,ESP32::WiFiUdpDriver::initialize_wifi,ESP32::WiFiUdpDriver::_begin,AP_HAL::UARTDriver::begin,<serial1Driver>,,AP_SerialManager::init,AP_Vehicle::setup,ESP32::Scheduler::_main_thread
      2 systimer_hal_get_counter_value,esp_timer_impl_get_time,AP_HAL::micros64,at,AP_Logger::io_thread,Functor<void>::method_wrapper<AP_Logger,,Functor<void>::operator(),ESP32::Scheduler::thread_create_trampoline
      2 QuaternionT<float>::from_rotation_matrix,SITL::Aircraft::smooth_sensors,SITL::Aircraft::fill_fdm,AP_HAL::SIMState::fdm_input_local,AP_HAL::SIMState::_fdm_input_step,<xsimstate>),AP_Scheduler::loop,AP_Vehicle::loop,ESP32::Scheduler::_main_thread
      2 <plane+15044>,,RC_Channel::get_control_in_zero_dz,channel_expo,Plane::roll_in_expo,ModeManual::update,Plane::update_control_mode,Functor<void>::method_wrapper<Plane,,Functor<void>::operator(),<plane+72>,,AP_Scheduler::loop,AP_Vehicle::loop,ESP32::Scheduler::_main_thread
      2 ModeManual::update,Plane::update_control_mode,Functor<void>::method_wrapper<Plane,,Functor<void>::operator(),<plane+72>,,AP_Scheduler::loop,AP_Vehicle::loop,ESP32::Scheduler::_main_thread
      2 compare_value=4294967295,,spinlock_acquire,timeout=-1),vPortEnterCritical,pvItemToQueue=0x0,,xQueueGiveMutexRecursive,ESP32::Semaphore::give,WithSemaphore::~WithSemaphore,AP_AHRS::update,Plane::ahrs_update,Functor<void>::method_wrapper<Plane,,Functor<void>::operator(),<plane+72>,,AP_Scheduler::loop,AP_Vehicle::loop,ESP32::Scheduler::_main_thread
      2 at,ESP32::Scheduler::delay_microseconds,ESP32::Scheduler::delay,AP_InertialSensor::_init_gyro,AP_InertialSensor::init_gyro,AP_InertialSensor::init,Plane::startup_INS,Plane::init_ardupilot,AP_Vehicle::setup,ESP32::Scheduler::_main_thread
      2 at,ESP32::Scheduler::delay_microseconds
      2 AP_GPS::send_blob_update,AP_GPS::_detect_instance,AP_GPS::detect_instance,AP_GPS::update_instance,AP_GPS::update,Plane::update_GPS_50Hz,Functor<void>::method_wrapper<Plane,,Functor<void>::operator(),<plane+72>,,AP_Scheduler::loop,AP_Vehicle::loop,ESP32::Scheduler::_main_thread
      2 AP_DAL::start_frame,NavEKF3::InitialiseFilter,AP_AHRS::update_EKF3,AP_AHRS::update,Plane::ahrs_update,Functor<void>::method_wrapper<Plane,,Functor<void>::operator(),<plane+72>,,AP_Scheduler::loop,AP_Vehicle::loop,ESP32::Scheduler::_main_thread
      1 vTaskDelay,ESP32::Scheduler::delay_microseconds,ESP32::Scheduler::_storage_thread
      1 ??,vPortClearInterruptMaskFromISR,<reason_spinlock>),esp_crosscore_isr,_xt_lowint1,vTaskDelay,ESP32::Scheduler::delay_microseconds,ESP32::Scheduler::_timer_thread
      1 ??,vPortClearInterruptMaskFromISR,at,xQueueSemaphoreTake,esp_coex_common_semphr_take_wrapper,ieee80211_ioctl,esp_wifi_set_config,ESP32::WiFiUdpDriver::initialize_wifi,ESP32::WiFiUdpDriver::_begin,AP_HAL::UARTDriver::begin,<serial1Driver>,,AP_SerialManager::init,AP_Vehicle::setup,ESP32::Scheduler::_main_thread
      1 Vector3<float>::operator+=,AP_InertialSensor_SITL::generate_gyro,AP_InertialSensor_SITL::timer_update,Functor<void>::method_wrapper<AP_InertialSensor_SITL,,Functor<void>::operator(),ESP32::Scheduler::_run_timers,ESP32::Scheduler::_timer_thread
      1 Vector2<float>::is_nan,AP_AHRS::calc_trig,AP_AHRS::update_trig,AP_AHRS::copy_estimates_from_backend_estimates,AP_AHRS::update_DCM,AP_AHRS::update,Plane::ahrs_update,Functor<void>::method_wrapper<Plane,,Functor<void>::operator(),<plane+72>,,AP_Scheduler::loop,AP_Vehicle::loop,ESP32::Scheduler::_main_thread
      1 uxListRemove,prvAddCurrentTaskToDelayedList,vTaskDelay,ESP32::Scheduler::delay_microseconds,ESP32::Scheduler::_uart_thread
      1 uart_ll_get_txfifo_len,out>,,uart_write,data=<optimized,esp_vfs_write,write,console_write,esp_vfs_write,__swrite,__sflush_r,_fflush_r,__sfvwrite_r,__sprint_r,out>,,_vfprintf_r,vprintf,esp_log_writev,tag=0x3c160178,esp_netif_start_api,esp_netif_api_cb,tcpip_thread_handle_msg,at
      1 uart_ll_get_txfifo_len,out>,,uart_write,data=<optimized,esp_vfs_write,write,console_write,esp_vfs_write,__swrite,__sflush_r,_fflush_r,__sfvwrite_r,__sprint_r,out>,,_vfprintf_r,vprintf
      1 systimer_ll_get_counter_value_low,out>,,SysTickIsrHandler,_xt_medint3,xt_utils_wait_for_intr,at,esp_vApplicationIdleHook,prvIdleTask
      1 systimer_hal_get_counter_value,esp_timer_impl_get_time,vTaskSwitchContext,_frxt_dispatch,_frxt_int_exit
      1 SysTickIsrHandler,_xt_medint3,xt_utils_wait_for_intr,at,esp_vApplicationIdleHook,prvIdleTask
      1 SITL::Plane::getForce,SITL::Plane::calculate_forces,SITL::Plane::update,SITL::Aircraft::update_model,AP_HAL::SIMState::fdm_input_local,AP_HAL::SIMState::_fdm_input_step,<xsimstate>),AP_Scheduler::loop,AP_Vehicle::loop,ESP32::Scheduler::_main_thread
      1 SITL::Aircraft::smooth_sensors,SITL::Aircraft::fill_fdm,AP_HAL::SIMState::fdm_input_local,AP_HAL::SIMState::_fdm_input_step,<xsimstate>),AP_Scheduler::loop,AP_Vehicle::loop,ESP32::Scheduler::_main_thread
      1 <plane+6924>,,AP_AHRS_DCM::drift_correction,AP_AHRS_DCM::update,AP_AHRS::update_DCM,AP_AHRS::update,Plane::ahrs_update,Functor<void>::method_wrapper<Plane,,Functor<void>::operator(),<plane+72>,,AP_Scheduler::loop,AP_Vehicle::loop,ESP32::Scheduler::_main_thread
      1 <plane+6338>,,AP_Param::save_sync,AP_Param::save_io_handler,Functor<void>::method_wrapper<AP_Param,,Functor<void>::operator(),ESP32::Scheduler::_run_io,ESP32::Scheduler::_io_thread
      1 <plane+6338>,,AP_Param::configured_in_storage,AP_Param::configured,AP_NavEKF_Source::configured,NavEKF3::convert_parameters,NavEKF3::InitialiseFilter,AP_AHRS::update_EKF3,AP_AHRS::update,Plane::ahrs_update,Functor<void>::method_wrapper<Plane,,Functor<void>::operator(),<plane+72>,,AP_Scheduler::loop,AP_Vehicle::loop,ESP32::Scheduler::_main_thread
      1 out>,,Location::get_distance_NE_double,SITL::Aircraft::get_position_relhome,SITL::Aircraft::fill_fdm,AP_HAL::SIMState::fdm_input_local,AP_HAL::SIMState::_fdm_input_step,<xsimstate>),AP_Scheduler::loop,AP_Vehicle::loop,ESP32::Scheduler::_main_thread
      1 lmacSetTxFrame,lmacTxFrame,??,ppTask
      1 input=...,,SITL::Plane::update,SITL::Aircraft::update_model,AP_HAL::SIMState::fdm_input_local,AP_HAL::SIMState::_fdm_input_step,<xsimstate>),AP_Scheduler::loop,AP_Vehicle::loop,ESP32::Scheduler::_main_thread
      1 input=...),SITL::Plane::update,SITL::Aircraft::update_model,AP_HAL::SIMState::fdm_input_local,AP_HAL::SIMState::_fdm_input_step,<xsimstate>),AP_Scheduler::loop,AP_Vehicle::loop,ESP32::Scheduler::_main_thread
      1 __ieee754_powf,powf,AP_Baro::get_pressure_temperature_for_alt_amsl,AP_Baro_SITL::_timer,Functor<void>::method_wrapper<AP_Baro_SITL,,Functor<void>::operator(),ESP32::Scheduler::_run_timers,ESP32::Scheduler::_timer_thread
      1 get_random16,rand_float,AP_InertialSensor_SITL::generate_gyro,AP_InertialSensor_SITL::timer_update,Functor<void>::method_wrapper<AP_InertialSensor_SITL,,Functor<void>::operator(),ESP32::Scheduler::_run_timers,ESP32::Scheduler::_timer_thread
      1 Functor<void>::operator(),ESP32::Scheduler::_run_timers,ESP32::Scheduler::_timer_thread
      1 <cons>),ESP32::UARTDriver::_timer_tick,ESP32::Scheduler::_uart_thread
      1 CompressedEnumTable<nvs::Page::EntryState,,nsIndex=2,nvs::Page::cmpItem,nvs::Storage::cmpMultiPageBlob,nvs::Storage::writeItem,nvs::Storage::writeItem,nvs::NVSHandleSimple::set_blob,out>,,nvs_set_blob,wifi_nvs_set,wifi_softap_set_config,wifi_set_config_process,ieee80211_ioctl_process,ppTask
      1 ??,call_start_cpu1,??,??
      1 ByteBuffer::available,ObjectBuffer_TS<AP_Param::param_save>::pop,<save_dummy>),Functor<void>::method_wrapper<AP_Param,,Functor<void>::operator(),ESP32::Scheduler::_run_io,ESP32::Scheduler::_io_thread
      1 at,xQueueSemaphoreTake,xQueueTakeMutexRecursive,ESP32::Semaphore::take_blocking,ESP32::UARTDriver::write_data,ESP32::UARTDriver::_timer_tick,ESP32::Scheduler::_uart_thread
      1 at,<reason+4>),_xt_lowint1,ESP32::Scheduler::delay_microseconds,ESP32::Scheduler::_storage_thread
      1 at,rand_float,AP_InertialSensor_SITL::generate_gyro,AP_InertialSensor_SITL::timer_update,Functor<void>::method_wrapper<AP_InertialSensor_SITL,,Functor<void>::operator(),ESP32::Scheduler::_run_timers,ESP32::Scheduler::_timer_thread
      1 at,prvAddCurrentTaskToDelayedList,vTaskDelay,ESP32::Scheduler::delay_microseconds,AP_Logger::io_thread,Functor<void>::method_wrapper<AP_Logger,,Functor<void>::operator(),ESP32::Scheduler::thread_create_trampoline
      1 at,ESP32::Semaphore::give,WithSemaphore::~WithSemaphore,ESP32::RCInput::new_input,<rcinDriver>),RC_Channels::read_input,Plane::read_radio,Functor<void>::method_wrapper<Plane,,Functor<void>::operator(),<plane+72>,,AP_Scheduler::loop,AP_Vehicle::loop,ESP32::Scheduler::_main_thread
      1 at,ESP32::Scheduler::delay_microseconds,WithSemaphore::~WithSemaphore,ESP32::RCInput::new_input,<rcinDriver>),RC_Channels::read_input,Plane::read_radio,Functor<void>::method_wrapper<Plane,,Functor<void>::operator(),<plane+72>,,AP_Scheduler::loop,AP_Vehicle::loop,ESP32::Scheduler::_main_thread
      1 at,ESP32::Scheduler::delay_microseconds,ESP32::Scheduler::delay,AP_BoardConfig::board_init_safety,AP_BoardConfig::init_safety,AP_Vehicle::loop,ESP32::Scheduler::_main_thread
      1 at,ESP32::Scheduler::delay_microseconds,AP_HAL::Scheduler::delay_microseconds_boost,AP_InertialSensor::wait_for_sample,AP_AHRS_DCM::reset,AP_AHRS_DCM::reset,<plane+5856>),Plane::startup_INS,Plane::init_ardupilot,AP_Vehicle::setup,ESP32::Scheduler::_main_thread
      1 at,AP_Param::save_sync,AP_Param::save_io_handler,Functor<void>::method_wrapper<AP_Param,,Functor<void>::operator(),ESP32::Scheduler::_run_io,ESP32::Scheduler::_io_thread
      1 at,AP_Param::find_var_info,AP_Param::save_sync,AP_Param::save_io_handler,Functor<void>::method_wrapper<AP_Param,,Functor<void>::operator(),ESP32::Scheduler::_run_io,ESP32::Scheduler::_io_thread
      1 at,??
      1 at
      1 AP_Param::get_group_info,AP_Param::find_var_info_group,AP_Param::find_var_info,AP_Param::save_sync,AP_Param::save_io_handler,Functor<void>::method_wrapper<AP_Param,,Functor<void>::operator(),ESP32::Scheduler::_run_io,ESP32::Scheduler::_io_thread
      1 AP_Param::find_var_info_group,AP_Param::find_var_info_group,AP_Param::find_var_info_group,AP_Param::find_var_info,AP_Param::configured_in_storage,AP_Param::configured,AP_NavEKF_Source::configured,NavEKF3::convert_parameters,NavEKF3::InitialiseFilter,AP_AHRS::update_EKF3,AP_AHRS::update,Plane::ahrs_update,Functor<void>::method_wrapper<Plane,,Functor<void>::operator(),<plane+72>,,AP_Scheduler::loop,AP_Vehicle::loop,ESP32::Scheduler::_main_thread
      1 AP_Param::find_var_info_group,AP_Param::find_var_info_group,AP_Param::find_var_info,AP_Param::configured_in_storage,AP_Param::configured,AP_NavEKF_Source::configured,NavEKF3::convert_parameters,NavEKF3::InitialiseFilter,AP_AHRS::update_EKF3,AP_AHRS::update,Plane::ahrs_update,Functor<void>::method_wrapper<Plane,,Functor<void>::operator(),<plane+72>,,AP_Scheduler::loop,AP_Vehicle::loop,ESP32::Scheduler::_main_thread
      1 ??,AP_InertialSensor_SITL::generate_gyro,AP_InertialSensor_SITL::timer_update,Functor<void>::method_wrapper<AP_InertialSensor_SITL,,Functor<void>::operator(),ESP32::Scheduler::_run_timers,ESP32::Scheduler::_timer_thread
      1 ??
      1 
