    238 ??,vPortClearInterruptMaskFromISR,<xKernelLock>),ulTaskGenericNotifyTake,ipc_task
    160 esp_cpu_wait_for_intr,esp_vApplicationIdleHook,prvIdleTask
    119 prvProcessTimerOrBlockTask,out>)
    118 ??,vPortClearInterruptMaskFromISR,<xKernelLock>),ulTaskGenericNotifyTake,timer_task
    118 ESP32::Scheduler::delay_microseconds,ESP32::Scheduler::_storage_thread
    118 ESP32::Scheduler::delay_microseconds,ESP32::Scheduler::_rcout_thread
    118 ESP32::Scheduler::delay_microseconds,ESP32::Scheduler::_rcin_thread
    112 at,ESP32::Scheduler::delay_microseconds,ESP32::Scheduler::_uart_thread
    112 at,ESP32::Scheduler::delay_microseconds,ESP32::Scheduler::_timer_thread
    100 ??,vPortClearInterruptMaskFromISR,at,xQueueReceive,queue_recv_wrapper,ppTask
     99 ??,vPortClearInterruptMaskFromISR,at,xQueueReceive,sys_arch_mbox_fetch,tcpip_timeouts_mbox_fetch,at
     99 ??,vPortClearInterruptMaskFromISR,at,xQueueReceive,esp_event_loop_run,esp_event_loop_run_task
     98 ??,vPortClearInterruptMaskFromISR,at,xQueueSemaphoreTake,sys_arch_sem_wait,lwip_select,esp_vfs_select,ESP32::WiFiUdpDriver::_wifi_thread2
     86 ESP32::Scheduler::delay_microseconds,ESP32::Scheduler::_io_thread
     49 ESP32::Scheduler::delay_microseconds,AP_Logger::io_thread,Functor<void>::method_wrapper<AP_Logger,,Functor<void>::operator(),ESP32::Scheduler::thread_create_trampoline
     49 at,ESP32::Scheduler::delay_microseconds,ESP32::DeviceBus::bus_thread
     48 ESP32::Scheduler::delay_microseconds,ESP32::DeviceBus::bus_thread
     43 at,ESP32::Scheduler::delay_microseconds,AP_Logger::io_thread,Functor<void>::method_wrapper<AP_Logger,,Functor<void>::operator(),ESP32::Scheduler::thread_create_trampoline
     12 at,ESP32::Scheduler::delay_microseconds,ESP32::Scheduler::delay,AP_Param::flush,AP_Param::convert_class,AP_GPS::convert_parameters,AP_GPS::init,Copter::init_ardupilot,AP_Vehicle::setup,ESP32::Scheduler::_main_thread
     11 at,ESP32::Scheduler::delay_microseconds,ESP32::Scheduler::delay,AP_Param::flush,AP_Param::convert_old_parameters_scaled,AP_Param::convert_old_parameters,Copter::convert_pid_parameters,Copter::allocate_motors,Copter::init_ardupilot,AP_Vehicle::setup,ESP32::Scheduler::_main_thread
      7 at,ESP32::Scheduler::delay_microseconds,ESP32::Scheduler::delay,AP_Param::flush,AP_Param::convert_class,Copter::load_parameters,AP_Vehicle::setup,ESP32::Scheduler::_main_thread
      6 at,ESP32::Scheduler::delay_microseconds,ESP32::Scheduler::delay,AP_Param::flush,AP_Param::convert_old_parameters_scaled,AP_Param::convert_old_parameters,AP_GPS::convert_parameters,AP_GPS::init,Copter::init_ardupilot,AP_Vehicle::setup,ESP32::Scheduler::_main_thread
      5 at,ESP32::Scheduler::delay_microseconds,ESP32::Scheduler::delay,Copter::esc_calibration_startup_check,Copter::init_ardupilot,AP_Vehicle::setup,ESP32::Scheduler::_main_thread
      5 at,ESP32::Scheduler::delay_microseconds,AP_HAL::Scheduler::delay_microseconds_boost,AP_InertialSensor::wait_for_sample,AP_Scheduler::loop,AP_Vehicle::loop,ESP32::Scheduler::_main_thread
      5 AP_Param::next_group,AP_Param::next_group,AP_Param::next,AP_Param::next_scalar,AP_Param::find_by_index,GCS_MAVLINK::param_io_timer,Functor<void>::method_wrapper<GCS_MAVLINK,,Functor<void>::operator(),ESP32::Scheduler::_run_io,ESP32::Scheduler::_io_thread
      4 NavEKF3_core::CovariancePrediction,NavEKF3_core::UpdateFilter,NavEKF3::UpdateFilter,AP_AHRS::update_EKF3,AP_AHRS::update,Copter::read_AHRS,Functor<void>::method_wrapper<Copter,,Functor<void>::operator(),<copter+72>,,AP_Scheduler::loop,AP_Vehicle::loop,ESP32::Scheduler::_main_thread
      4 at,ESP32::Scheduler::delay_microseconds,ESP32::Scheduler::delay,AP_Param::flush,AP_Param::convert_old_parameters_scaled,AP_Param::convert_old_parameters,Copter::load_parameters,AP_Vehicle::setup,ESP32::Scheduler::_main_thread
      4 at,ESP32::Scheduler::delay_microseconds,ESP32::Scheduler::delay,AP_Param::flush,AP_Param::convert_class,AP_Param::convert_g2_objects,Copter::load_parameters,AP_Vehicle::setup,ESP32::Scheduler::_main_thread
      4 at,ESP32::Scheduler::delay_microseconds,ESP32::Scheduler::delay,AP_Baro::calibrate,Copter::init_ardupilot,AP_Vehicle::setup,ESP32::Scheduler::_main_thread
      4 AP_MotorsMulticopter::update_throttle_filter,AP_MotorsMulticopter::output,Mode::output_to_motors,Copter::motors_output,Functor<void>::method_wrapper<Copter,,Functor<void>::operator(),<copter+72>,,AP_Scheduler::loop,AP_Vehicle::loop,ESP32::Scheduler::_main_thread
      4 AP_GPS::get_lag,<copter+240>,,AP_DAL_GPS::start_frame,AP_DAL::start_frame,NavEKF3::UpdateFilter,AP_AHRS::update_EKF3,AP_AHRS::update,Copter::read_AHRS,Functor<void>::method_wrapper<Copter,,Functor<void>::operator(),<copter+72>,,AP_Scheduler::loop,AP_Vehicle::loop,ESP32::Scheduler::_main_thread
      3 group_info=<optimized,AP_Param::next_group,AP_Param::next_group,AP_Param::next,AP_Param::next_scalar,AP_Param::find_by_index,GCS_MAVLINK::param_io_timer,Functor<void>::method_wrapper<GCS_MAVLINK,,Functor<void>::operator(),ESP32::Scheduler::_run_io,ESP32::Scheduler::_io_thread
      3 group_info=<optimized,AP_Param::next_group,AP_Param::next,AP_Param::next_scalar,AP_Param::find_by_index,GCS_MAVLINK::param_io_timer,Functor<void>::method_wrapper<GCS_MAVLINK,,Functor<void>::operator(),ESP32::Scheduler::_run_io,ESP32::Scheduler::_io_thread
      3 at,ESP32::Scheduler::delay_microseconds,ESP32::Scheduler::delay,AP_Param::flush,AP_Param::convert_class,AP_Param::convert_toplevel_objects,Copter::load_parameters,AP_Vehicle::setup,ESP32::Scheduler::_main_thread
      3 at,at,_frxt_dispatch
      3 AP_Param::next_group,AP_Param::next,AP_Param::next_scalar,AP_Param::find_by_index,GCS_MAVLINK::param_io_timer,Functor<void>::method_wrapper<GCS_MAVLINK,,Functor<void>::operator(),ESP32::Scheduler::_run_io,ESP32::Scheduler::_io_thread
      2 y=4.25587606),powf,AP_Baro::get_air_density_for_alt_amsl,SITL::Frame::get_air_density,<supported_frames>,,SITL::MultiCopter::calculate_forces,SITL::MultiCopter::update,SITL::Aircraft::update_model,AP_HAL::SIMState::fdm_input_local,AP_HAL::SIMState::_fdm_input_step,<xsimstate>),AP_Scheduler::loop,AP_Vehicle::loop,ESP32::Scheduler::_main_thread
      2 xTicksToWait=<optimized,xQueueTakeMutexRecursive,ESP32::Semaphore::take_blocking,ESP32::UARTDriver::_write,AP_HAL::UARTDriver::write,out>,,comm_send_buffer,_mavlink_send_uart,msgid=<optimized,mavlink_msg_scaled_pressure2_send,GCS_MAVLINK::send_scaled_pressure_instance,GCS_MAVLINK::send_scaled_pressure2,GCS_MAVLINK::try_send_message,GCS_MAVLINK_Copter::try_send_message,GCS_MAVLINK::do_try_send_message,GCS_MAVLINK::update_send,GCS::update_send,Functor<void>::method_wrapper<GCS,,Functor<void>::operator(),<copter+72>,,AP_Scheduler::loop,AP_Vehicle::loop,ESP32::Scheduler::_main_thread
      2 xTaskGetSchedulerState,xQueueGenericSend,xQueueGiveMutexRecursive,ESP32::Semaphore::give,WithSemaphore::~WithSemaphore,AP_InertialSensor_Backend::update_accel,AP_InertialSensor_SITL::update,AP_InertialSensor::update,Functor<void>::method_wrapper<AP_InertialSensor,,Functor<void>::operator(),<copter+72>,,AP_Scheduler::loop,AP_Vehicle::loop,ESP32::Scheduler::_main_thread
      2 xQueueGenericSend,uart_tx_chars,ESP32::UARTDriver::write_data,ESP32::UARTDriver::_timer_tick,ESP32::Scheduler::_uart_thread
      2 vPortExitCritical,vTaskDelay,ESP32::Scheduler::delay_microseconds,ESP32::Scheduler::_uart_thread
      2 ??,vPortClearInterruptMaskFromISR,<xKernelLock>),vTaskDelay,ESP32::Scheduler::delay_microseconds,AP_Logger::io_thread,Functor<void>::method_wrapper<AP_Logger,,Functor<void>::operator(),ESP32::Scheduler::thread_create_trampoline
      2 vPortClearInterruptMaskFromISR,at,xQueueSemaphoreTake,uart_read_bytes,ESP32::UARTDriver::read_data,ESP32::UARTDriver::_timer_tick,ESP32::Scheduler::_uart_thread
      2 v=...),NavEKF3_core::readIMUData,NavEKF3_core::UpdateFilter,NavEKF3::UpdateFilter,AP_AHRS::update_EKF3,AP_AHRS::update,Copter::read_AHRS,Functor<void>::method_wrapper<Copter,,Functor<void>::operator(),<copter+72>,,AP_Scheduler::loop,AP_Vehicle::loop,ESP32::Scheduler::_main_thread
      2 v=...),Matrix3<float>::normalize,SITL::Aircraft::update_dynamics,SITL::MultiCopter::update,SITL::Aircraft::update_model,AP_HAL::SIMState::fdm_input_local,AP_HAL::SIMState::_fdm_input_step,<xsimstate>),AP_Scheduler::loop,AP_Vehicle::loop,ESP32::Scheduler::_main_thread
      2 ??,Vector3<float>::operator/,NavEKF3_core::getAccelBias,NavEKF3::getAccelBias,AP_AHRS::update_EKF3,AP_AHRS::update,Copter::read_AHRS,Functor<void>::method_wrapper<Copter,,Functor<void>::operator(),<copter+72>,,AP_Scheduler::loop,AP_Vehicle::loop,ESP32::Scheduler::_main_thread
      2 uart_ll_get_txfifo_len,out>,,uart_write,data=<optimized,esp_vfs_write,write,console_write,esp_vfs_write,__swrite,__sflush_r,_fflush_r,__sfvwrite_r,__sprint_r,out>,,_vfprintf_r,vprintf,esp_log_writev,tag=0x3c17daac,esp_log_buffer_hexdump_internal,load_partitions,at,ensure_partitions_loaded,subtype=ESP_PARTITION_SUBTYPE_DATA_NVS,,esp_partition_find_first,nvs::partition_lookup::lookup_nvs_partition,nvs::NVSPartitionManager::init_partition,nvs_flash_init_partition,"nvs"),at,ESP32::WiFiUdpDriver::initialize_wifi,ESP32::WiFiUdpDriver::_begin,AP_HAL::UARTDriver::begin,<serial1Driver>,,AP_SerialManager::init,AP_Vehicle::setup,ESP32::Scheduler::_main_thread
      2 uart_ll_get_txfifo_len,out>,,uart_write,data=<optimized,esp_vfs_write,write,console_write,esp_vfs_write,__swrite,__sflush_r,_fflush_r,__sfvwrite_r,__sprint_r,out>,,_vfprintf_r,vprintf,esp_log_writev,tag=0x3c177510,esp_wifi_config_info,out>),ESP32::WiFiUdpDriver::initialize_wifi,ESP32::WiFiUdpDriver::_begin,AP_HAL::UARTDriver::begin,<serial1Driver>,,AP_SerialManager::init,AP_Vehicle::setup,ESP32::Scheduler::_main_thread
      2 tlsf_fit_size,multi_heap_get_info_impl,info=0x3fcce0b0),heap_caps_get_info,heap_caps_get_largest_free_block,ESP32::Util::available_memory,AP_DAL::start_frame,NavEKF3::UpdateFilter,AP_AHRS::update_EKF3,AP_AHRS::update,Copter::read_AHRS,Functor<void>::method_wrapper<Copter,,Functor<void>::operator(),<copter+72>,,AP_Scheduler::loop,AP_Vehicle::loop,ESP32::Scheduler::_main_thread
      2 systimer_ll_is_counter_value_valid,<systimer_hal>,,esp_timer_impl_get_time,AP_HAL::micros64,at,AP_Logger::io_thread,Functor<void>::method_wrapper<AP_Logger,,Functor<void>::operator(),ESP32::Scheduler::thread_create_trampoline
      2 systimer_ll_counter_snapshot,<systimer_hal>,,esp_timer_impl_get_time,AP_HAL::micros64,AP_InertialSensor_Backend::_notify_new_gyro_raw_sample,AP_InertialSensor_SITL::generate_gyro,AP_InertialSensor_SITL::timer_update,Functor<void>::method_wrapper<AP_InertialSensor_SITL,,Functor<void>::operator(),ESP32::Scheduler::_run_timers,ESP32::Scheduler::_timer_thread
      2 std::fmod<float,,at,AP_InertialSensor_SITL::generate_gyro,AP_InertialSensor_SITL::timer_update,Functor<void>::method_wrapper<AP_InertialSensor_SITL,,Functor<void>::operator(),ESP32::Scheduler::_run_timers,ESP32::Scheduler::_timer_thread
      2 SlewLimiter::modifier,AC_PID::update_all,AC_AttitudeControl_Multi::rate_controller_run_dt,AC_AttitudeControl_Multi::rate_controller_run,Copter::run_rate_controller,Functor<void>::method_wrapper<Copter,,Functor<void>::operator(),<copter+72>,,AP_Scheduler::loop,AP_Vehicle::loop,ESP32::Scheduler::_main_thread
      2 SITL::Aircraft::rangefinder_range,SITL::Aircraft::fill_fdm,AP_HAL::SIMState::fdm_input_local,AP_HAL::SIMState::_fdm_input_step,<xsimstate>),AP_Scheduler::loop,AP_Vehicle::loop,ESP32::Scheduler::_main_thread
      2 QuaternionT<float>::from_rotation_matrix,SITL::Aircraft::smooth_sensors,SITL::Aircraft::fill_fdm,AP_HAL::SIMState::fdm_input_local,AP_HAL::SIMState::_fdm_input_step,<xsimstate>),AP_Scheduler::loop,AP_Vehicle::loop,ESP32::Scheduler::_main_thread
      2 QuaternionT<float>::from_axis_angle,AC_AttitudeControl::reset_yaw_target_and_rate,ModeStabilize::run,Copter::update_flight_mode,Functor<void>::method_wrapper<Copter,,Functor<void>::operator(),<copter+72>,,AP_Scheduler::loop,AP_Vehicle::loop,ESP32::Scheduler::_main_thread
      2 prvSelectHighestPriorityTaskSMP,at,_frxt_dispatch
      2 out>,,out>,,esp_timer_impl_get_time,AP_HAL::micros64,at,AP_Scheduler::run,AP_Scheduler::loop,AP_Vehicle::loop,ESP32::Scheduler::_main_thread
      2 NavEKF3_core::updateMovementCheck,NavEKF3_core::readIMUData,NavEKF3_core::UpdateFilter,NavEKF3::UpdateFilter,AP_AHRS::update_EKF3,AP_AHRS::update,Copter::read_AHRS,Functor<void>::method_wrapper<Copter,,Functor<void>::operator(),<copter+72>,,AP_Scheduler::loop,AP_Vehicle::loop,ESP32::Scheduler::_main_thread
      2 NavEKF3_core::setWindMagStateLearningMode,NavEKF3_core::controlFilterModes,NavEKF3_core::UpdateFilter,NavEKF3::UpdateFilter,AP_AHRS::update_EKF3,AP_AHRS::update,Copter::read_AHRS,Functor<void>::method_wrapper<Copter,,Functor<void>::operator(),<copter+72>,,AP_Scheduler::loop,AP_Vehicle::loop,ESP32::Scheduler::_main_thread
      2 NavEKF3_core::learnInactiveBiases,NavEKF3_core::readIMUData,NavEKF3_core::UpdateFilter,NavEKF3::UpdateFilter,AP_AHRS::update_EKF3,AP_AHRS::update,Copter::read_AHRS,Functor<void>::method_wrapper<Copter,,Functor<void>::operator(),<copter+72>,,AP_Scheduler::loop,AP_Vehicle::loop,ESP32::Scheduler::_main_thread
      2 NavEKF3_core::getFilterFaults,NavEKF3_core::healthy,NavEKF3_core::updateFilterStatus,NavEKF3_core::UpdateFilter,NavEKF3::UpdateFilter,AP_AHRS::update_EKF3,AP_AHRS::update,Copter::read_AHRS,Functor<void>::method_wrapper<Copter,,Functor<void>::operator(),<copter+72>,,AP_Scheduler::loop,AP_Vehicle::loop,ESP32::Scheduler::_main_thread
      2 NavEKF3_core::fuseEulerYaw,NavEKF3_core::SelectMagFusion,NavEKF3_core::UpdateFilter,NavEKF3::UpdateFilter,AP_AHRS::update_EKF3,AP_AHRS::update,Copter::read_AHRS,Functor<void>::method_wrapper<Copter,,Functor<void>::operator(),<copter+72>,,AP_Scheduler::loop,AP_Vehicle::loop,ESP32::Scheduler::_main_thread
      2 NavEKF3_core::calcOutputStates,NavEKF3_core::UpdateFilter,NavEKF3::UpdateFilter,AP_AHRS::update_EKF3,AP_AHRS::update,Copter::read_AHRS,Functor<void>::method_wrapper<Copter,,Functor<void>::operator(),<copter+72>,,AP_Scheduler::loop,AP_Vehicle::loop,ESP32::Scheduler::_main_thread
      2 ModeStabilize::run,Copter::update_flight_mode,Functor<void>::method_wrapper<Copter,,Functor<void>::operator(),<copter+72>,,AP_Scheduler::loop,AP_Vehicle::loop,ESP32::Scheduler::_main_thread
      2 mavlink_update_checksum,mavlink_frame_char_buffer,GCS_MAVLINK::update_receive,GCS_MAVLINK::update_receive,GCS::update_receive,Functor<void>::method_wrapper<GCS,,Functor<void>::operator(),<copter+72>,,AP_Scheduler::loop,AP_Vehicle::loop,ESP32::Scheduler::_main_thread
      2 LowPassFilter<Vector3<float>,Copter::update_land_and_crash_detectors,Functor<void>::method_wrapper<Copter,,Functor<void>::operator(),<copter+72>,,AP_Scheduler::loop,AP_Vehicle::loop,ESP32::Scheduler::_main_thread
      2 loc=...),NavEKF3_core::getLLH,NavEKF3::getLLH,AP_AHRS::_get_location,AP_AHRS::update_state,AP_AHRS::update,Copter::read_AHRS,Functor<void>::method_wrapper<Copter,,Functor<void>::operator(),<copter+72>,,AP_Scheduler::loop,AP_Vehicle::loop,ESP32::Scheduler::_main_thread
      2 lock=0x3fca0b0c,<xKernelLock>,,vPortEnterCritical,at,prvCopyDataToQueue,xQueueGenericSend,xQueueGiveMutexRecursive,ESP32::Semaphore::give,WithSemaphore::~WithSemaphore,AP_InertialSensor_Backend::_notify_new_gyro_raw_sample,AP_InertialSensor_SITL::generate_gyro,AP_InertialSensor_SITL::timer_update,Functor<void>::method_wrapper<AP_InertialSensor_SITL,,Functor<void>::operator(),ESP32::Scheduler::_run_timers,ESP32::Scheduler::_timer_thread
      2 __ieee754_rem_pio2f,cosf,SITL::Aircraft::update_wind,SITL::MultiCopter::update,SITL::Aircraft::update_model,AP_HAL::SIMState::fdm_input_local,AP_HAL::SIMState::_fdm_input_step,<xsimstate>),AP_Scheduler::loop,AP_Vehicle::loop,ESP32::Scheduler::_main_thread
      2 __ieee754_expf,expf,AP_Baro_SITL::temperature_adjustment,AP_Baro_SITL::_timer,Functor<void>::method_wrapper<AP_Baro_SITL,,Functor<void>::operator(),ESP32::Scheduler::_run_timers,ESP32::Scheduler::_timer_thread
      2 __ieee754_acosf,acosf,AC_AttitudeControl::thrust_vector_rotation_angles,AC_AttitudeControl::thrust_heading_rotation_angles,AC_AttitudeControl::attitude_controller_run_quat,AC_AttitudeControl::input_euler_angle_roll_pitch_euler_rate_yaw,ModeStabilize::run,Copter::update_flight_mode,Functor<void>::method_wrapper<Copter,,Functor<void>::operator(),<copter+72>,,AP_Scheduler::loop,AP_Vehicle::loop,ESP32::Scheduler::_main_thread
      2 GCS_MAVLINK::update_send,GCS::update_send,Functor<void>::method_wrapper<GCS,,Functor<void>::operator(),<copter+72>,,AP_Scheduler::loop,AP_Vehicle::loop,ESP32::Scheduler::_main_thread
      2 Functor<void>::operator(),<copter+72>,,AP_Scheduler::loop,AP_Vehicle::loop,ESP32::Scheduler::_main_thread
      2 fmodf,wrap_2PI,wrap_PI,EKFGSF_yaw::update,NavEKF3_core::runYawEstimatorPrediction,NavEKF3_core::UpdateFilter,NavEKF3::UpdateFilter,AP_AHRS::update_EKF3,AP_AHRS::update,Copter::read_AHRS,Functor<void>::method_wrapper<Copter,,Functor<void>::operator(),<copter+72>,,AP_Scheduler::loop,AP_Vehicle::loop,ESP32::Scheduler::_main_thread
      2 fdm=...),AP_HAL::SIMState::fdm_input_local,AP_HAL::SIMState::_fdm_input_step,<xsimstate>),AP_Scheduler::loop,AP_Vehicle::loop,ESP32::Scheduler::_main_thread
      2 ESP32::Scheduler::print_main_loop_rate,ESP32::Scheduler::_main_thread
      2 ESP32::Scheduler::in_main_thread,ESP32::Scheduler::delay_microseconds,ESP32::Scheduler::_timer_thread
      2 Empty::RCOutput::write,SRV_Channel::output_ch,SRV_Channels::output_ch_all,Copter::motors_output,Functor<void>::method_wrapper<Copter,,Functor<void>::operator(),<copter+72>,,AP_Scheduler::loop,AP_Vehicle::loop,ESP32::Scheduler::_main_thread
      2 delAng=...,,NavEKF3_core::runYawEstimatorPrediction,NavEKF3_core::UpdateFilter,NavEKF3::UpdateFilter,AP_AHRS::update_EKF3,AP_AHRS::update,Copter::read_AHRS,Functor<void>::method_wrapper<Copter,,Functor<void>::operator(),<copter+72>,,AP_Scheduler::loop,AP_Vehicle::loop,ESP32::Scheduler::_main_thread
      2 Compass::_get_state,<copter+1744>,,Compass::use_for_yaw,AP_AHRS_DCM::use_compass,AP_AHRS_DCM::drift_correction_yaw,AP_AHRS_DCM::drift_correction,AP_AHRS_DCM::update,AP_AHRS::update_DCM,AP_AHRS::update,Copter::read_AHRS,Functor<void>::method_wrapper<Copter,,Functor<void>::operator(),<copter+72>,,AP_Scheduler::loop,AP_Vehicle::loop,ESP32::Scheduler::_main_thread
      2 at,__ieee754_atan2f,atan2f,QuaternionT<float>::get_euler_roll,AC_AttitudeControl::euler_rate_to_ang_vel,AC_AttitudeControl::reset_yaw_target_and_rate,ModeStabilize::run,Copter::update_flight_mode,Functor<void>::method_wrapper<Copter,,Functor<void>::operator(),<copter+72>,,AP_Scheduler::loop,AP_Vehicle::loop,ESP32::Scheduler::_main_thread
      2 at,_frxt_int_exit,??
      2 at,ESP32::Scheduler::delay_microseconds,ESP32::Scheduler::_main_thread
      2 at,ESP32::Scheduler::delay_microseconds,ESP32::Scheduler::delay,AP_InertialSensor::_init_gyro,AP_InertialSensor::init_gyro,AP_InertialSensor::init,Copter::startup_INS_ground,Copter::init_ardupilot,AP_Vehicle::setup,ESP32::Scheduler::_main_thread
      2 at
      2 AP_Param::next_group,AP_Param::next_group,AP_Param::next_group,AP_Param::next,AP_Param::next_scalar,AP_Param::find_by_index,GCS_MAVLINK::param_io_timer,Functor<void>::method_wrapper<GCS_MAVLINK,,Functor<void>::operator(),ESP32::Scheduler::_run_io,ESP32::Scheduler::_io_thread
      2 AP_MotorsMatrix::output_to_motors,AP_MotorsMulticopter::output,Mode::output_to_motors,Copter::motors_output,Functor<void>::method_wrapper<Copter,,Functor<void>::operator(),<copter+72>,,AP_Scheduler::loop,AP_Vehicle::loop,ESP32::Scheduler::_main_thread
      2 AP_InertialSensor_SITL::generate_gyro,AP_InertialSensor_SITL::timer_update,Functor<void>::method_wrapper<AP_InertialSensor_SITL,,Functor<void>::operator(),ESP32::Scheduler::_run_timers,ESP32::Scheduler::_timer_thread
      2 AP_InertialSensor::get_delta_velocity,AP_DAL_InertialSensor::start_frame,AP_DAL::start_frame,NavEKF3::UpdateFilter,AP_AHRS::update_EKF3,AP_AHRS::update,Copter::read_AHRS,Functor<void>::method_wrapper<Copter,,Functor<void>::operator(),<copter+72>,,AP_Scheduler::loop,AP_Vehicle::loop,ESP32::Scheduler::_main_thread
      2 ??,AP_HAL::SIMState::_simulator_servos,AP_HAL::SIMState::fdm_input_local,AP_HAL::SIMState::_fdm_input_step,<xsimstate>),AP_Scheduler::loop,AP_Vehicle::loop,ESP32::Scheduler::_main_thread
      2 AP_FETtecOneWire::init,AP_FETtecOneWire::update,SRV_Channels::push,Copter::motors_output,Functor<void>::method_wrapper<Copter,,Functor<void>::operator(),<copter+72>,,AP_Scheduler::loop,AP_Vehicle::loop,ESP32::Scheduler::_main_thread
      2 AP_DAL::ekf_low_time_remaining,NavEKF3::UpdateFilter,AP_AHRS::update_EKF3,AP_AHRS::update,Copter::read_AHRS,Functor<void>::method_wrapper<Copter,,Functor<void>::operator(),<copter+72>,,AP_Scheduler::loop,AP_Vehicle::loop,ESP32::Scheduler::_main_thread
      2 AP_AHRS_DCM::update,AP_AHRS::update_DCM,AP_AHRS::update,Copter::read_AHRS,Functor<void>::method_wrapper<Copter,,Functor<void>::operator(),<copter+72>,,AP_Scheduler::loop,AP_Vehicle::loop,ESP32::Scheduler::_main_thread
      2 AP_AHRS_DCM::normalize,AP_AHRS_DCM::update,AP_AHRS::update_DCM,AP_AHRS::update,Copter::read_AHRS,Functor<void>::method_wrapper<Copter,,Functor<void>::operator(),<copter+72>,,AP_Scheduler::loop,AP_Vehicle::loop,ESP32::Scheduler::_main_thread
      2 AC_AttitudeControl::update_ang_vel_target_from_att_error,AC_AttitudeControl::attitude_controller_run_quat,AC_AttitudeControl::input_euler_angle_roll_pitch_euler_rate_yaw,ModeStabilize::run,Copter::update_flight_mode,Functor<void>::method_wrapper<Copter,,Functor<void>::operator(),<copter+72>,,AP_Scheduler::loop,AP_Vehicle::loop,ESP32::Scheduler::_main_thread
      2 AC_AttitudeControl::thrust_vector_rotation_angles,AC_AttitudeControl::thrust_heading_rotation_angles,AC_AttitudeControl::attitude_controller_run_quat,AC_AttitudeControl::input_euler_angle_roll_pitch_euler_rate_yaw,ModeStabilize::run,Copter::update_flight_mode,Functor<void>::method_wrapper<Copter,,Functor<void>::operator(),<copter+72>,,AP_Scheduler::loop,AP_Vehicle::loop,ESP32::Scheduler::_main_thread
      2 AC_AttitudeControl_Multi::get_throttle_avg_max,AC_AttitudeControl_Multi::set_throttle_out,ModeStabilize::run,Copter::update_flight_mode,Functor<void>::method_wrapper<Copter,,Functor<void>::operator(),<copter+72>,,AP_Scheduler::loop,AP_Vehicle::loop,ESP32::Scheduler::_main_thread
      2 ??
      1 xthal_save_extra_nw,_xt_context_save
      1 xQueueSemaphoreTake,xQueueTakeMutexRecursive,ESP32::Semaphore::take_blocking,ESP32::UARTDriver::write_data,ESP32::UARTDriver::_timer_tick,ESP32::Scheduler::_uart_thread
      1 xPortEnterCriticalTimeout,vPortEnterCritical,reason_mask=1),esp_crosscore_int_send_yield,vTaskDelay,ESP32::Scheduler::delay_microseconds,ESP32::Scheduler::_rcin_thread
      1 xPortEnterCriticalTimeout,vPortEnterCritical,pvItemToQueue=0x0,,xQueueGiveMutexRecursive,ESP32::Semaphore::give,WithSemaphore::~WithSemaphore,AP_Param::count_parameters,GCS_MAVLINK::param_io_timer,Functor<void>::method_wrapper<GCS_MAVLINK,,Functor<void>::operator(),ESP32::Scheduler::_run_io,ESP32::Scheduler::_io_thread
      1 ??,vPortClearInterruptMaskFromISR,<xKernelLock>),vTaskDelay,ESP32::Scheduler::delay_microseconds,ESP32::Scheduler::_uart_thread
      1 ??,vPortClearInterruptMaskFromISR,<xKernelLock>),vTaskDelay,ESP32::Scheduler::delay_microseconds,ESP32::Scheduler::_timer_thread
      1 ??,vPortClearInterruptMaskFromISR,at,xQueueSemaphoreTake,xQueueTakeMutexRecursive,lock_acquire_generic,_lock_acquire_recursive,at,_vfprintf_r,vprintf,esp_log_writev,ESP32::UARTDriver::vprintf,AP_HAL::BetterStream::printf,ESP32::WiFiUdpDriver::_begin,<serial1Driver>,,AP_HAL::UARTDriver::begin,<serial1Driver>,,AP_SerialManager::init,AP_Vehicle::setup,ESP32::Scheduler::_main_thread
      1 uart_ll_get_txfifo_len,out>,,uart_write,data=<optimized,esp_vfs_write,write,console_write,esp_vfs_write,__swrite,__sflush_r,_fflush_r,__sfvwrite_r,__sprint_r,out>,,_vfprintf_r,vprintf,esp_log_writev,tag=0x3c177800,wifi_start,wifi_default_action_ap_start,handler_execute,esp_event_loop_run,esp_event_loop_run_task
      1 systimer_ticks_to_us,esp_timer_impl_get_time,vTaskSwitchContext,_frxt_dispatch,_frxt_int_exit
      1 spinlock_acquire,<xKernelLock>,,vPortEnterCritical,<xKernelLock>),at,_frxt_dispatch,_frxt_int_exit
      1 ptype=0x3fcd2ec8,,GCS_MAVLINK::param_io_timer,Functor<void>::method_wrapper<GCS_MAVLINK,,Functor<void>::operator(),ESP32::Scheduler::_run_io,ESP32::Scheduler::_io_thread
      1 out>),out>),AP_Param::next_group,AP_Param::next_group,AP_Param::next,AP_Param::next_scalar,AP_Param::find_by_index,GCS_MAVLINK::param_io_timer,Functor<void>::method_wrapper<GCS_MAVLINK,,Functor<void>::operator(),ESP32::Scheduler::_run_io,ESP32::Scheduler::_io_thread
      1 out>,,AP_Param::next_group,AP_Param::next_group,AP_Param::next_group,AP_Param::next,AP_Param::next_scalar,AP_Param::find_by_index,GCS_MAVLINK::param_io_timer,Functor<void>::method_wrapper<GCS_MAVLINK,,Functor<void>::operator(),ESP32::Scheduler::_run_io,ESP32::Scheduler::_io_thread
      1 (obj=0x3fcb007c,Functor<void>::operator(),ESP32::Scheduler::_run_io,ESP32::Scheduler::_io_thread
      1 item=0x3fcca160,,??,ieee80211_timer_process,??,timer_process_alarm,out>)
      1 group_info=...,,AP_Param::next_group,AP_Param::next,AP_Param::next_scalar,AP_Param::find_by_index,GCS_MAVLINK::param_io_timer,Functor<void>::method_wrapper<GCS_MAVLINK,,Functor<void>::operator(),ESP32::Scheduler::_run_io,ESP32::Scheduler::_io_thread
      1 ??,??,??,??,??,??,do_system_init_fn,do_core_init,at,call_start_cpu0
      1 ??,call_start_cpu1,??,??
      1 base=4,,AP_Param::next_group,AP_Param::next,AP_Param::next_scalar,AP_Param::find_by_index,GCS_MAVLINK::param_io_timer,Functor<void>::method_wrapper<GCS_MAVLINK,,Functor<void>::operator(),ESP32::Scheduler::_run_io,ESP32::Scheduler::_io_thread
      1 at,xPortSysTickHandler,<systimer_hal>),_xt_medint3,xt_utils_wait_for_intr,at,esp_vApplicationIdleHook,prvIdleTask
      1 at,Functor<void>::method_wrapper<GCS_MAVLINK,,Functor<void>::operator(),ESP32::Scheduler::_run_io,ESP32::Scheduler::_io_thread
      1 at,ESP32::Scheduler::delay_microseconds,ESP32::Scheduler::delay,AP_BoardConfig::board_init_safety,AP_BoardConfig::init_safety,AP_Vehicle::loop,ESP32::Scheduler::_main_thread
      1 at,at,_frxt_dispatch,_frxt_int_exit
      1 AP_Param::save_io_handler,Functor<void>::method_wrapper<AP_Param,,Functor<void>::operator(),ESP32::Scheduler::_run_io,ESP32::Scheduler::_io_thread
      1 AP_Param::next_group
      1 AP_Param::group_id,AP_Param::next_group,AP_Param::next_group,AP_Param::next,AP_Param::next_scalar,AP_Param::find_by_index,GCS_MAVLINK::param_io_timer,Functor<void>::method_wrapper<GCS_MAVLINK,,Functor<void>::operator(),ESP32::Scheduler::_run_io,ESP32::Scheduler::_io_thread
      1 AP_Param::get_group_info,AP_Param::next_group,AP_Param::next,AP_Param::next_scalar,AP_Param::find_by_index,GCS_MAVLINK::param_io_timer,Functor<void>::method_wrapper<GCS_MAVLINK,,Functor<void>::operator(),ESP32::Scheduler::_run_io,ESP32::Scheduler::_io_thread
      1 AP_Param::find_by_index,GCS_MAVLINK::param_io_timer,Functor<void>::method_wrapper<GCS_MAVLINK,,Functor<void>::operator(),ESP32::Scheduler::_run_io,ESP32::Scheduler::_io_thread
      1 AP_Param::check_frame_type,AP_Param::next_group,AP_Param::next_group,AP_Param::next,AP_Param::next_scalar,AP_Param::find_by_index,GCS_MAVLINK::param_io_timer,Functor<void>::method_wrapper<GCS_MAVLINK,,Functor<void>::operator(),ESP32::Scheduler::_run_io,ESP32::Scheduler::_io_thread
      1 AP_Param::check_frame_type,AP_Param::next_group,AP_Param::next,AP_Param::next_scalar,AP_Param::find_by_index,GCS_MAVLINK::param_io_timer,Functor<void>::method_wrapper<GCS_MAVLINK,,Functor<void>::operator(),ESP32::Scheduler::_run_io,ESP32::Scheduler::_io_thread
      1 ??,??,??,??,??,??,??,??,??,??,??,??,??
      1 ??,??
      1 
