This file contains any messages produced by compilers while
running configure, to aid debugging if configure makes a mistake.

It was created by ardumingw configure 0.1, which was
generated by GNU Autoconf 2.69.  Invocation command line was

  $ ./configure --host=x86_64-w64-mingw32

## --------- ##
## Platform. ##
## --------- ##

hostname = buzz-metabox
uname -m = x86_64
uname -r = 5.4.0-40-generic
uname -s = Linux
uname -v = #44-Ubuntu SMP Tue Jun 23 00:01:04 UTC 2020

/usr/bin/uname -p = unknown
/bin/uname -X     = unknown

/bin/arch              = unknown
/usr/bin/arch -k       = unknown
/usr/convex/getsysinfo = unknown
/usr/bin/hostinfo      = unknown
/bin/machine           = unknown
/usr/bin/oslevel       = unknown
/bin/universe          = unknown

PATH: /home/buzz/.nvm/versions/node/v12.18.2/bin
PATH: /home/buzz/esp/xtensa-esp32-elf/bin
PATH: /usr/lib/ccache
PATH: /home/buzz/esp-link_source/esp8266/xtensa-lx106-elf/bin
PATH: /usr/local/cuda-10.1/bin/
PATH: /opt/gcc-arm-none-eabi-4_9-2015q3/bin
PATH: /home/buzz/ardupilot/Tools/autotest
PATH: /opt/gcc-arm-none-eabi-4_9-2015q3/bin
PATH: /home/buzz/.local/share/umake/bin
PATH: /home/buzz/bin
PATH: /usr/local/sbin
PATH: /usr/local/bin
PATH: /usr/sbin
PATH: /usr/bin
PATH: /sbin
PATH: /bin
PATH: /usr/games
PATH: /usr/local/games
PATH: /snap/bin
PATH: /usr/lib/jvm/java-8-oracle/bin
PATH: /usr/lib/jvm/java-8-oracle/db/bin
PATH: /usr/lib/jvm/java-8-oracle/jre/bin
PATH: /home/buzz/jsbsim/build/src
PATH: /home/buzz/.local/bin/


## ----------- ##
## Core tests. ##
## ----------- ##

configure:2566: checking for a BSD-compatible install
configure:2634: result: /usr/bin/install -c
configure:2645: checking whether build environment is sane
configure:2700: result: yes
configure:2757: checking for x86_64-w64-mingw32-strip
configure:2773: found /usr/bin/x86_64-w64-mingw32-strip
configure:2784: result: x86_64-w64-mingw32-strip
configure:2849: checking for a thread-safe mkdir -p
configure:2888: result: /bin/mkdir -p
configure:2895: checking for gawk
configure:2911: found /usr/bin/gawk
configure:2922: result: gawk
configure:2933: checking whether make sets $(MAKE)
configure:2955: result: yes
configure:2984: checking whether make supports nested variables
configure:3001: result: yes
configure:3135: checking for x86_64-w64-mingw32-gcc
configure:3162: result: x86_64-w64-mingw32-gcc
configure:3431: checking for C compiler version
configure:3440: x86_64-w64-mingw32-gcc --version >&5
x86_64-w64-mingw32-gcc (GCC) 9.3-win32 20200320
Copyright (C) 2019 Free Software Foundation, Inc.
This is free software; see the source for copying conditions.  There is NO
warranty; not even for MERCHANTABILITY or FITNESS FOR A PARTICULAR PURPOSE.

configure:3451: $? = 0
configure:3440: x86_64-w64-mingw32-gcc -v >&5
Using built-in specs.
COLLECT_GCC=/usr/bin/x86_64-w64-mingw32-gcc
COLLECT_LTO_WRAPPER=/usr/lib/gcc/x86_64-w64-mingw32/9.3-win32/lto-wrapper
Target: x86_64-w64-mingw32
Configured with: ../../src/configure --build=x86_64-linux-gnu --prefix=/usr --includedir='/usr/include' --mandir='/usr/share/man' --infodir='/usr/share/info' --sysconfdir=/etc --localstatedir=/var --disable-silent-rules --libdir='/usr/lib/x86_64-linux-gnu' --libexecdir='/usr/lib/x86_64-linux-gnu' --disable-maintainer-mode --disable-dependency-tracking --prefix=/usr --enable-shared --enable-static --disable-multilib --with-system-zlib --libexecdir=/usr/lib --without-included-gettext --libdir=/usr/lib --enable-libstdcxx-time=yes --with-tune=generic --with-headers=/usr/x86_64-w64-mingw32/include --enable-version-specific-runtime-libs --enable-fully-dynamic-string --enable-libgomp --enable-languages=c,c++,fortran,objc,obj-c++,ada --enable-lto --enable-threads=win32 --program-suffix=-win32 --program-prefix=x86_64-w64-mingw32- --target=x86_64-w64-mingw32 --with-as=/usr/bin/x86_64-w64-mingw32-as --with-ld=/usr/bin/x86_64-w64-mingw32-ld --enable-libatomic --enable-libstdcxx-filesystem-ts=yes --enable-dependency-tracking
Thread model: win32
gcc version 9.3-win32 20200320 (GCC) 
configure:3451: $? = 0
configure:3440: x86_64-w64-mingw32-gcc -V >&5
x86_64-w64-mingw32-gcc: error: unrecognized command line option '-V'
x86_64-w64-mingw32-gcc: fatal error: no input files
compilation terminated.
configure:3451: $? = 1
configure:3440: x86_64-w64-mingw32-gcc -qversion >&5
x86_64-w64-mingw32-gcc: error: unrecognized command line option '-qversion'; did you mean '--version'?
x86_64-w64-mingw32-gcc: fatal error: no input files
compilation terminated.
configure:3451: $? = 1
configure:3471: checking whether the C compiler works
configure:3493: x86_64-w64-mingw32-gcc    conftest.c  >&5
configure:3497: $? = 0
configure:3545: result: yes
configure:3548: checking for C compiler default output file name
configure:3550: result: a.exe
configure:3556: checking for suffix of executables
configure:3563: x86_64-w64-mingw32-gcc -o conftest.exe    conftest.c  >&5
configure:3567: $? = 0
configure:3589: result: .exe
configure:3611: checking whether we are cross compiling
configure:3619: x86_64-w64-mingw32-gcc -o conftest.exe    conftest.c  >&5
configure:3623: $? = 0
configure:3630: ./conftest.exe
run-detectors: unable to find an interpreter for ./conftest.exe
configure:3634: $? = 2
configure:3622: result: yes
configure:3627: checking for suffix of object files
configure:3649: x86_64-w64-mingw32-gcc -c   conftest.c >&5
configure:3653: $? = 0
configure:3674: result: o
configure:3678: checking whether we are using the GNU C compiler
configure:3697: x86_64-w64-mingw32-gcc -c   conftest.c >&5
configure:3697: $? = 0
configure:3706: result: yes
configure:3715: checking whether x86_64-w64-mingw32-gcc accepts -g
configure:3735: x86_64-w64-mingw32-gcc -c -g  conftest.c >&5
configure:3735: $? = 0
configure:3776: result: yes
configure:3793: checking for x86_64-w64-mingw32-gcc option to accept ISO C89
configure:3856: x86_64-w64-mingw32-gcc  -c -g -O2  conftest.c >&5
configure:3856: $? = 0
configure:3869: result: none needed
configure:3894: checking whether x86_64-w64-mingw32-gcc understands -c and -o together
configure:3916: x86_64-w64-mingw32-gcc -c conftest.c -o conftest2.o
configure:3919: $? = 0
configure:3916: x86_64-w64-mingw32-gcc -c conftest.c -o conftest2.o
configure:3919: $? = 0
configure:3931: result: yes
configure:3949: checking whether the compiler is clang
configure:3970: x86_64-w64-mingw32-gcc -c -g -O2  conftest.c >&5
configure:3970: $? = 0
configure:3978: result: no
configure:3982: checking for compiler option needed when checking for declarations
configure:4013: result: none
configure:4025: checking whether make supports the include directive
configure:4040: make -f confmf.GNU && cat confinc.out
this is the am__doit target
configure:4043: $? = 0
configure:4062: result: yes (GNU style)
configure:4087: checking dependency style of x86_64-w64-mingw32-gcc
configure:4198: result: gcc3
configure:4219: checking how to run the C preprocessor
configure:4250: x86_64-w64-mingw32-gcc -E  conftest.c
configure:4250: $? = 0
configure:4264: x86_64-w64-mingw32-gcc -E  conftest.c
conftest.c:11:10: fatal error: ac_nonexistent.h: No such file or directory
   11 | #include <ac_nonexistent.h>
      |          ^~~~~~~~~~~~~~~~~~
compilation terminated.
configure:4264: $? = 1
configure: failed program was:
| /* confdefs.h */
| #define PACKAGE_NAME "ardumingw"
| #define PACKAGE_TARNAME "ardumingw"
| #define PACKAGE_VERSION "0.1"
| #define PACKAGE_STRING "ardumingw 0.1"
| #define PACKAGE_BUGREPORT ""
| #define PACKAGE_URL ""
| #define PACKAGE "ardumingw"
| #define VERSION "0.1"
| /* end confdefs.h.  */
| #include <ac_nonexistent.h>
configure:4289: result: x86_64-w64-mingw32-gcc -E
configure:4309: x86_64-w64-mingw32-gcc -E  conftest.c
configure:4309: $? = 0
configure:4323: x86_64-w64-mingw32-gcc -E  conftest.c
conftest.c:11:10: fatal error: ac_nonexistent.h: No such file or directory
   11 | #include <ac_nonexistent.h>
      |          ^~~~~~~~~~~~~~~~~~
compilation terminated.
configure:4323: $? = 1
configure: failed program was:
| /* confdefs.h */
| #define PACKAGE_NAME "ardumingw"
| #define PACKAGE_TARNAME "ardumingw"
| #define PACKAGE_VERSION "0.1"
| #define PACKAGE_STRING "ardumingw 0.1"
| #define PACKAGE_BUGREPORT ""
| #define PACKAGE_URL ""
| #define PACKAGE "ardumingw"
| #define VERSION "0.1"
| /* end confdefs.h.  */
| #include <ac_nonexistent.h>
configure:4352: checking for grep that handles long lines and -e
configure:4410: result: /bin/grep
configure:4415: checking for egrep
configure:4477: result: /bin/grep -E
configure:4485: checking for Minix Amsterdam compiler
configure:4509: result: no
configure:4526: checking for x86_64-w64-mingw32-ar
configure:4542: found /usr/bin/x86_64-w64-mingw32-ar
configure:4553: result: x86_64-w64-mingw32-ar
configure:4628: checking for x86_64-w64-mingw32-ranlib
configure:4644: found /usr/bin/x86_64-w64-mingw32-ranlib
configure:4655: result: x86_64-w64-mingw32-ranlib
configure:4748: checking for x86_64-w64-mingw32-ranlib
configure:4775: result: x86_64-w64-mingw32-ranlib
configure:4898: checking build system type
configure:4912: result: x86_64-pc-linux-gnu
configure:4932: checking host system type
configure:4945: result: x86_64-w64-mingw32
configure:4965: checking for ANSI C header files
configure:4985: x86_64-w64-mingw32-gcc -c -g -O2  conftest.c >&5
configure:4985: $? = 0
configure:5069: result: yes
configure:5082: checking for sys/types.h
configure:5082: x86_64-w64-mingw32-gcc -c -g -O2  conftest.c >&5
configure:5082: $? = 0
configure:5082: result: yes
configure:5082: checking for sys/stat.h
configure:5082: x86_64-w64-mingw32-gcc -c -g -O2  conftest.c >&5
configure:5082: $? = 0
configure:5082: result: yes
configure:5082: checking for stdlib.h
configure:5082: x86_64-w64-mingw32-gcc -c -g -O2  conftest.c >&5
configure:5082: $? = 0
configure:5082: result: yes
configure:5082: checking for string.h
configure:5082: x86_64-w64-mingw32-gcc -c -g -O2  conftest.c >&5
configure:5082: $? = 0
configure:5082: result: yes
configure:5082: checking for memory.h
configure:5082: x86_64-w64-mingw32-gcc -c -g -O2  conftest.c >&5
configure:5082: $? = 0
configure:5082: result: yes
configure:5082: checking for strings.h
configure:5082: x86_64-w64-mingw32-gcc -c -g -O2  conftest.c >&5
configure:5082: $? = 0
configure:5082: result: yes
configure:5082: checking for inttypes.h
configure:5082: x86_64-w64-mingw32-gcc -c -g -O2  conftest.c >&5
configure:5082: $? = 0
configure:5082: result: yes
configure:5082: checking for stdint.h
configure:5082: x86_64-w64-mingw32-gcc -c -g -O2  conftest.c >&5
configure:5082: $? = 0
configure:5082: result: yes
configure:5082: checking for unistd.h
configure:5082: x86_64-w64-mingw32-gcc -c -g -O2  conftest.c >&5
configure:5082: $? = 0
configure:5082: result: yes
configure:5100: checking for sys/socket.h
configure:5100: x86_64-w64-mingw32-gcc -c -g -O2  conftest.c >&5
conftest.c:55:10: fatal error: sys/socket.h: No such file or directory
   55 | #include <sys/socket.h>
      |          ^~~~~~~~~~~~~~
compilation terminated.
configure:5100: $? = 1
configure: failed program was:
| /* confdefs.h */
| #define PACKAGE_NAME "ardumingw"
| #define PACKAGE_TARNAME "ardumingw"
| #define PACKAGE_VERSION "0.1"
| #define PACKAGE_STRING "ardumingw 0.1"
| #define PACKAGE_BUGREPORT ""
| #define PACKAGE_URL ""
| #define PACKAGE "ardumingw"
| #define VERSION "0.1"
| #define STDC_HEADERS 1
| #define HAVE_SYS_TYPES_H 1
| #define HAVE_SYS_STAT_H 1
| #define HAVE_STDLIB_H 1
| #define HAVE_STRING_H 1
| #define HAVE_MEMORY_H 1
| #define HAVE_STRINGS_H 1
| #define HAVE_INTTYPES_H 1
| #define HAVE_STDINT_H 1
| #define HAVE_UNISTD_H 1
| /* end confdefs.h.  */
| #include <stdio.h>
| #ifdef HAVE_SYS_TYPES_H
| # include <sys/types.h>
| #endif
| #ifdef HAVE_SYS_STAT_H
| # include <sys/stat.h>
| #endif
| #ifdef STDC_HEADERS
| # include <stdlib.h>
| # include <stddef.h>
| #else
| # ifdef HAVE_STDLIB_H
| #  include <stdlib.h>
| # endif
| #endif
| #ifdef HAVE_STRING_H
| # if !defined STDC_HEADERS && defined HAVE_MEMORY_H
| #  include <memory.h>
| # endif
| # include <string.h>
| #endif
| #ifdef HAVE_STRINGS_H
| # include <strings.h>
| #endif
| #ifdef HAVE_INTTYPES_H
| # include <inttypes.h>
| #endif
| #ifdef HAVE_STDINT_H
| # include <stdint.h>
| #endif
| #ifdef HAVE_UNISTD_H
| # include <unistd.h>
| #endif
| 
| #include <sys/socket.h>
configure:5100: result: no
configure:5100: checking for sys/uio.h
configure:5100: x86_64-w64-mingw32-gcc -c -g -O2  conftest.c >&5
conftest.c:55:10: fatal error: sys/uio.h: No such file or directory
   55 | #include <sys/uio.h>
      |          ^~~~~~~~~~~
compilation terminated.
configure:5100: $? = 1
configure: failed program was:
| /* confdefs.h */
| #define PACKAGE_NAME "ardumingw"
| #define PACKAGE_TARNAME "ardumingw"
| #define PACKAGE_VERSION "0.1"
| #define PACKAGE_STRING "ardumingw 0.1"
| #define PACKAGE_BUGREPORT ""
| #define PACKAGE_URL ""
| #define PACKAGE "ardumingw"
| #define VERSION "0.1"
| #define STDC_HEADERS 1
| #define HAVE_SYS_TYPES_H 1
| #define HAVE_SYS_STAT_H 1
| #define HAVE_STDLIB_H 1
| #define HAVE_STRING_H 1
| #define HAVE_MEMORY_H 1
| #define HAVE_STRINGS_H 1
| #define HAVE_INTTYPES_H 1
| #define HAVE_STDINT_H 1
| #define HAVE_UNISTD_H 1
| /* end confdefs.h.  */
| #include <stdio.h>
| #ifdef HAVE_SYS_TYPES_H
| # include <sys/types.h>
| #endif
| #ifdef HAVE_SYS_STAT_H
| # include <sys/stat.h>
| #endif
| #ifdef STDC_HEADERS
| # include <stdlib.h>
| # include <stddef.h>
| #else
| # ifdef HAVE_STDLIB_H
| #  include <stdlib.h>
| # endif
| #endif
| #ifdef HAVE_STRING_H
| # if !defined STDC_HEADERS && defined HAVE_MEMORY_H
| #  include <memory.h>
| # endif
| # include <string.h>
| #endif
| #ifdef HAVE_STRINGS_H
| # include <strings.h>
| #endif
| #ifdef HAVE_INTTYPES_H
| # include <inttypes.h>
| #endif
| #ifdef HAVE_STDINT_H
| # include <stdint.h>
| #endif
| #ifdef HAVE_UNISTD_H
| # include <unistd.h>
| #endif
| 
| #include <sys/uio.h>
configure:5100: result: no
configure:5117: checking ws2tcpip.h usability
configure:5117: x86_64-w64-mingw32-gcc -c -g -O2  conftest.c >&5
configure:5117: $? = 0
configure:5117: result: yes
configure:5117: checking ws2tcpip.h presence
configure:5117: x86_64-w64-mingw32-gcc -E  conftest.c
configure:5117: $? = 0
configure:5117: result: yes
configure:5117: checking for ws2tcpip.h
configure:5117: result: yes
configure:5131: checking whether the preprocessor supports include_next
configure:5169: x86_64-w64-mingw32-gcc -c -g -O2  -Iconftestd1b -Iconftestd2 conftest.c >&5
configure:5169: $? = 0
configure:5190: result: yes
configure:5212: checking whether source code line length is unlimited
configure:5235: result: yes
configure:5244: checking for C/C++ restrict keyword
configure:5271: x86_64-w64-mingw32-gcc -c -g -O2  conftest.c >&5
configure:5271: $? = 0
configure:5279: result: __restrict
configure:5304: checking whether <sys/socket.h> is self-contained
configure:5321: x86_64-w64-mingw32-gcc -c -g -O2  conftest.c >&5
conftest.c:23:10: fatal error: sys/socket.h: No such file or directory
   23 | #include <sys/socket.h>
      |          ^~~~~~~~~~~~~~
compilation terminated.
configure:5321: $? = 1
configure: failed program was:
| /* confdefs.h */
| #define PACKAGE_NAME "ardumingw"
| #define PACKAGE_TARNAME "ardumingw"
| #define PACKAGE_VERSION "0.1"
| #define PACKAGE_STRING "ardumingw 0.1"
| #define PACKAGE_BUGREPORT ""
| #define PACKAGE_URL ""
| #define PACKAGE "ardumingw"
| #define VERSION "0.1"
| #define STDC_HEADERS 1
| #define HAVE_SYS_TYPES_H 1
| #define HAVE_SYS_STAT_H 1
| #define HAVE_STDLIB_H 1
| #define HAVE_STRING_H 1
| #define HAVE_MEMORY_H 1
| #define HAVE_STRINGS_H 1
| #define HAVE_INTTYPES_H 1
| #define HAVE_STDINT_H 1
| #define HAVE_UNISTD_H 1
| #define HAVE_WS2TCPIP_H 1
| #define restrict __restrict
| /* end confdefs.h.  */
| #include <sys/socket.h>
| int
| main ()
| {
| 
|   ;
|   return 0;
| }
configure:5329: result: no
configure:5477: checking for struct sockaddr_storage
configure:5477: x86_64-w64-mingw32-gcc -c -g -O2  conftest.c >&5
configure:5477: $? = 0
configure:5477: x86_64-w64-mingw32-gcc -c -g -O2  conftest.c >&5
conftest.c: In function 'main':
conftest.c:39:38: error: expected expression before ')' token
   39 | if (sizeof ((struct sockaddr_storage)))
      |                                      ^
configure:5477: $? = 1
configure: failed program was:
| /* confdefs.h */
| #define PACKAGE_NAME "ardumingw"
| #define PACKAGE_TARNAME "ardumingw"
| #define PACKAGE_VERSION "0.1"
| #define PACKAGE_STRING "ardumingw 0.1"
| #define PACKAGE_BUGREPORT ""
| #define PACKAGE_URL ""
| #define PACKAGE "ardumingw"
| #define VERSION "0.1"
| #define STDC_HEADERS 1
| #define HAVE_SYS_TYPES_H 1
| #define HAVE_SYS_STAT_H 1
| #define HAVE_STDLIB_H 1
| #define HAVE_STRING_H 1
| #define HAVE_MEMORY_H 1
| #define HAVE_STRINGS_H 1
| #define HAVE_INTTYPES_H 1
| #define HAVE_STDINT_H 1
| #define HAVE_UNISTD_H 1
| #define HAVE_WS2TCPIP_H 1
| #define restrict __restrict
| /* end confdefs.h.  */
| 
|   /* sys/types.h is not needed according to POSIX, but the
|      sys/socket.h in i386-unknown-freebsd4.10 and
|      powerpc-apple-darwin5.5 required it. */
| #include <sys/types.h>
| #ifdef HAVE_SYS_SOCKET_H
| #include <sys/socket.h>
| #endif
| #ifdef HAVE_WS2TCPIP_H
| #include <ws2tcpip.h>
| #endif
| 
| 
| int
| main ()
| {
| if (sizeof ((struct sockaddr_storage)))
| 	    return 0;
|   ;
|   return 0;
| }
configure:5477: result: yes
configure:5498: checking for sa_family_t
configure:5498: x86_64-w64-mingw32-gcc -c -g -O2  conftest.c >&5
conftest.c: In function 'main':
conftest.c:40:13: error: 'sa_family_t' undeclared (first use in this function)
   40 | if (sizeof (sa_family_t))
      |             ^~~~~~~~~~~
conftest.c:40:13: note: each undeclared identifier is reported only once for each function it appears in
configure:5498: $? = 1
configure: failed program was:
| /* confdefs.h */
| #define PACKAGE_NAME "ardumingw"
| #define PACKAGE_TARNAME "ardumingw"
| #define PACKAGE_VERSION "0.1"
| #define PACKAGE_STRING "ardumingw 0.1"
| #define PACKAGE_BUGREPORT ""
| #define PACKAGE_URL ""
| #define PACKAGE "ardumingw"
| #define VERSION "0.1"
| #define STDC_HEADERS 1
| #define HAVE_SYS_TYPES_H 1
| #define HAVE_SYS_STAT_H 1
| #define HAVE_STDLIB_H 1
| #define HAVE_STRING_H 1
| #define HAVE_MEMORY_H 1
| #define HAVE_STRINGS_H 1
| #define HAVE_INTTYPES_H 1
| #define HAVE_STDINT_H 1
| #define HAVE_UNISTD_H 1
| #define HAVE_WS2TCPIP_H 1
| #define restrict __restrict
| #define HAVE_STRUCT_SOCKADDR_STORAGE 1
| /* end confdefs.h.  */
| 
|   /* sys/types.h is not needed according to POSIX, but the
|      sys/socket.h in i386-unknown-freebsd4.10 and
|      powerpc-apple-darwin5.5 required it. */
| #include <sys/types.h>
| #ifdef HAVE_SYS_SOCKET_H
| #include <sys/socket.h>
| #endif
| #ifdef HAVE_WS2TCPIP_H
| #include <ws2tcpip.h>
| #endif
| 
| 
| int
| main ()
| {
| if (sizeof (sa_family_t))
| 	 return 0;
|   ;
|   return 0;
| }
configure:5498: result: no
configure:5527: checking for struct sockaddr_storage.ss_family
configure:5527: x86_64-w64-mingw32-gcc -c -g -O2  conftest.c >&5
configure:5527: $? = 0
configure:5527: result: yes
configure:5559: checking winsock2.h usability
configure:5559: x86_64-w64-mingw32-gcc -c -g -O2  conftest.c >&5
configure:5559: $? = 0
configure:5559: result: yes
configure:5559: checking winsock2.h presence
configure:5559: x86_64-w64-mingw32-gcc -E  conftest.c
configure:5559: $? = 0
configure:5559: result: yes
configure:5559: checking for winsock2.h
configure:5559: result: yes
configure:5588: checking for complete errno.h
configure:5661: result: no
configure:5750: checking for EMULTIHOP value
configure:5805: result: no
configure:5821: checking for ENOLINK value
configure:5876: result: yes
configure:5892: checking for EOVERFLOW value
configure:5947: result: yes
configure:5971: checking for _set_invalid_parameter_handler
configure:5971: x86_64-w64-mingw32-gcc -o conftest.exe -g -O2   conftest.c  >&5
configure:5971: $? = 0
configure:5971: result: yes
configure:6005: checking for winsock2.h
configure:6005: result: yes
configure:6026: checking for WSAStartup
configure:6054: x86_64-w64-mingw32-gcc -o conftest.exe -g -O2   conftest.c  -lws2_32 >&5
configure:6054: $? = 0
configure:6064: result: yes
configure:6187: checking for pid_t
configure:6187: x86_64-w64-mingw32-gcc -c -g -O2  conftest.c >&5
configure:6187: $? = 0
configure:6187: x86_64-w64-mingw32-gcc -c -g -O2  conftest.c >&5
conftest.c: In function 'main':
conftest.c:67:20: error: expected expression before ')' token
   67 | if (sizeof ((pid_t)))
      |                    ^
configure:6187: $? = 1
configure: failed program was:
| /* confdefs.h */
| #define PACKAGE_NAME "ardumingw"
| #define PACKAGE_TARNAME "ardumingw"
| #define PACKAGE_VERSION "0.1"
| #define PACKAGE_STRING "ardumingw 0.1"
| #define PACKAGE_BUGREPORT ""
| #define PACKAGE_URL ""
| #define PACKAGE "ardumingw"
| #define VERSION "0.1"
| #define STDC_HEADERS 1
| #define HAVE_SYS_TYPES_H 1
| #define HAVE_SYS_STAT_H 1
| #define HAVE_STDLIB_H 1
| #define HAVE_STRING_H 1
| #define HAVE_MEMORY_H 1
| #define HAVE_STRINGS_H 1
| #define HAVE_INTTYPES_H 1
| #define HAVE_STDINT_H 1
| #define HAVE_UNISTD_H 1
| #define HAVE_WS2TCPIP_H 1
| #define restrict __restrict
| #define HAVE_STRUCT_SOCKADDR_STORAGE 1
| #define HAVE_STRUCT_SOCKADDR_STORAGE_SS_FAMILY 1
| #define HAVE_WINSOCK2_H 1
| #define HAVE__SET_INVALID_PARAMETER_HANDLER 1
| #define HAVE_MSVC_INVALID_PARAMETER_HANDLER 1
| #define HAVE_WINSOCK2_H 1
| #define WINDOWS_SOCKETS 1
| /* end confdefs.h.  */
| #include <stdio.h>
| #ifdef HAVE_SYS_TYPES_H
| # include <sys/types.h>
| #endif
| #ifdef HAVE_SYS_STAT_H
| # include <sys/stat.h>
| #endif
| #ifdef STDC_HEADERS
| # include <stdlib.h>
| # include <stddef.h>
| #else
| # ifdef HAVE_STDLIB_H
| #  include <stdlib.h>
| # endif
| #endif
| #ifdef HAVE_STRING_H
| # if !defined STDC_HEADERS && defined HAVE_MEMORY_H
| #  include <memory.h>
| # endif
| # include <string.h>
| #endif
| #ifdef HAVE_STRINGS_H
| # include <strings.h>
| #endif
| #ifdef HAVE_INTTYPES_H
| # include <inttypes.h>
| #endif
| #ifdef HAVE_STDINT_H
| # include <stdint.h>
| #endif
| #ifdef HAVE_UNISTD_H
| # include <unistd.h>
| #endif
| 
| int
| main ()
| {
| if (sizeof ((pid_t)))
| 	    return 0;
|   ;
|   return 0;
| }
configure:6187: result: yes
configure:6223: checking for mode_t
configure:6223: x86_64-w64-mingw32-gcc -c -g -O2  conftest.c >&5
configure:6223: $? = 0
configure:6223: x86_64-w64-mingw32-gcc -c -g -O2  conftest.c >&5
conftest.c: In function 'main':
conftest.c:66:21: error: expected expression before ')' token
   66 | if (sizeof ((mode_t)))
      |                     ^
configure:6223: $? = 1
configure: failed program was:
| /* confdefs.h */
| #define PACKAGE_NAME "ardumingw"
| #define PACKAGE_TARNAME "ardumingw"
| #define PACKAGE_VERSION "0.1"
| #define PACKAGE_STRING "ardumingw 0.1"
| #define PACKAGE_BUGREPORT ""
| #define PACKAGE_URL ""
| #define PACKAGE "ardumingw"
| #define VERSION "0.1"
| #define STDC_HEADERS 1
| #define HAVE_SYS_TYPES_H 1
| #define HAVE_SYS_STAT_H 1
| #define HAVE_STDLIB_H 1
| #define HAVE_STRING_H 1
| #define HAVE_MEMORY_H 1
| #define HAVE_STRINGS_H 1
| #define HAVE_INTTYPES_H 1
| #define HAVE_STDINT_H 1
| #define HAVE_UNISTD_H 1
| #define HAVE_WS2TCPIP_H 1
| #define restrict __restrict
| #define HAVE_STRUCT_SOCKADDR_STORAGE 1
| #define HAVE_STRUCT_SOCKADDR_STORAGE_SS_FAMILY 1
| #define HAVE_WINSOCK2_H 1
| #define HAVE__SET_INVALID_PARAMETER_HANDLER 1
| #define HAVE_MSVC_INVALID_PARAMETER_HANDLER 1
| #define HAVE_WINSOCK2_H 1
| #define WINDOWS_SOCKETS 1
| /* end confdefs.h.  */
| #include <stdio.h>
| #ifdef HAVE_SYS_TYPES_H
| # include <sys/types.h>
| #endif
| #ifdef HAVE_SYS_STAT_H
| # include <sys/stat.h>
| #endif
| #ifdef STDC_HEADERS
| # include <stdlib.h>
| # include <stddef.h>
| #else
| # ifdef HAVE_STDLIB_H
| #  include <stdlib.h>
| # endif
| #endif
| #ifdef HAVE_STRING_H
| # if !defined STDC_HEADERS && defined HAVE_MEMORY_H
| #  include <memory.h>
| # endif
| # include <string.h>
| #endif
| #ifdef HAVE_STRINGS_H
| # include <strings.h>
| #endif
| #ifdef HAVE_INTTYPES_H
| # include <inttypes.h>
| #endif
| #ifdef HAVE_STDINT_H
| # include <stdint.h>
| #endif
| #ifdef HAVE_UNISTD_H
| # include <unistd.h>
| #endif
| int
| main ()
| {
| if (sizeof ((mode_t)))
| 	    return 0;
|   ;
|   return 0;
| }
configure:6223: result: yes
configure:6421: checking for socklen_t
configure:6421: x86_64-w64-mingw32-gcc -c -g -O2  conftest.c >&5
configure:6421: $? = 0
configure:6421: x86_64-w64-mingw32-gcc -c -g -O2  conftest.c >&5
conftest.c: In function 'main':
conftest.c:48:24: error: expected expression before ')' token
   48 | if (sizeof ((socklen_t)))
      |                        ^
configure:6421: $? = 1
configure: failed program was:
| /* confdefs.h */
| #define PACKAGE_NAME "ardumingw"
| #define PACKAGE_TARNAME "ardumingw"
| #define PACKAGE_VERSION "0.1"
| #define PACKAGE_STRING "ardumingw 0.1"
| #define PACKAGE_BUGREPORT ""
| #define PACKAGE_URL ""
| #define PACKAGE "ardumingw"
| #define VERSION "0.1"
| #define STDC_HEADERS 1
| #define HAVE_SYS_TYPES_H 1
| #define HAVE_SYS_STAT_H 1
| #define HAVE_STDLIB_H 1
| #define HAVE_STRING_H 1
| #define HAVE_MEMORY_H 1
| #define HAVE_STRINGS_H 1
| #define HAVE_INTTYPES_H 1
| #define HAVE_STDINT_H 1
| #define HAVE_UNISTD_H 1
| #define HAVE_WS2TCPIP_H 1
| #define restrict __restrict
| #define HAVE_STRUCT_SOCKADDR_STORAGE 1
| #define HAVE_STRUCT_SOCKADDR_STORAGE_SS_FAMILY 1
| #define HAVE_WINSOCK2_H 1
| #define HAVE__SET_INVALID_PARAMETER_HANDLER 1
| #define HAVE_MSVC_INVALID_PARAMETER_HANDLER 1
| #define HAVE_WINSOCK2_H 1
| #define WINDOWS_SOCKETS 1
| #define _USE_STD_STAT 1
| #define GNULIB_TEST_BIND 1
| #define GNULIB_MSVC_NOTHROW 1
| /* end confdefs.h.  */
| 
| /* <sys/types.h> is not needed according to POSIX, but the
|    <sys/socket.h> in i386-unknown-freebsd4.10 and
|    powerpc-apple-darwin5.5 required it. */
| #include <sys/types.h>
| #if HAVE_SYS_SOCKET_H
| # include <sys/socket.h>
| #elif HAVE_WS2TCPIP_H
| # include <ws2tcpip.h>
| #endif
| 
| 
| int
| main ()
| {
| if (sizeof ((socklen_t)))
| 	    return 0;
|   ;
|   return 0;
| }
configure:6421: result: yes
configure:6484: checking for ssize_t
configure:6501: x86_64-w64-mingw32-gcc -c -g -O2  conftest.c >&5
configure:6501: $? = 0
configure:6508: result: yes
configure:6517: checking for working stdalign.h
configure:6562: x86_64-w64-mingw32-gcc -c -g -O2  conftest.c >&5
configure:6562: $? = 0
configure:6569: result: yes
configure:6821: checking that generated files are newer than configure
configure:6827: result: done
configure:6894: creating ./config.status

## ---------------------- ##
## Running config.status. ##
## ---------------------- ##

This file was extended by ardumingw config.status 0.1, which was
generated by GNU Autoconf 2.69.  Invocation command line was

  CONFIG_FILES    = 
  CONFIG_HEADERS  = 
  CONFIG_LINKS    = 
  CONFIG_COMMANDS = 
  $ ./config.status 

on buzz-metabox

config.status:933: creating Makefile
config.status:933: creating lib/Makefile
config.status:933: creating lib/config.h
config.status:1114: lib/config.h is unchanged
config.status:1162: executing depfiles commands
config.status:1239: cd lib       && sed -e '/# am--include-marker/d' Makefile         | make -f - am--depfiles
make: Nothing to be done for 'am--depfiles'.
config.status:1244: $? = 0

## ---------------- ##
## Cache variables. ##
## ---------------- ##

ac_cv_build=x86_64-pc-linux-gnu
ac_cv_c_compiler_gnu=yes
ac_cv_c_restrict=__restrict
ac_cv_env_CC_set=set
ac_cv_env_CC_value=x86_64-w64-mingw32-gcc
ac_cv_env_CFLAGS_set=
ac_cv_env_CFLAGS_value=
ac_cv_env_CPPFLAGS_set=
ac_cv_env_CPPFLAGS_value=
ac_cv_env_CPP_set=
ac_cv_env_CPP_value=
ac_cv_env_LDFLAGS_set=
ac_cv_env_LDFLAGS_value=
ac_cv_env_LIBS_set=
ac_cv_env_LIBS_value=
ac_cv_env_build_alias_set=
ac_cv_env_build_alias_value=
ac_cv_env_host_alias_set=set
ac_cv_env_host_alias_value=x86_64-w64-mingw32
ac_cv_env_target_alias_set=
ac_cv_env_target_alias_value=
ac_cv_exeext=.exe
ac_cv_func__set_invalid_parameter_handler=yes
ac_cv_header_inttypes_h=yes
ac_cv_header_memory_h=yes
ac_cv_header_stdc=yes
ac_cv_header_stdint_h=yes
ac_cv_header_stdlib_h=yes
ac_cv_header_string_h=yes
ac_cv_header_strings_h=yes
ac_cv_header_sys_socket_h=no
ac_cv_header_sys_stat_h=yes
ac_cv_header_sys_types_h=yes
ac_cv_header_sys_uio_h=no
ac_cv_header_unistd_h=yes
ac_cv_header_winsock2_h=yes
ac_cv_header_ws2tcpip_h=yes
ac_cv_host=x86_64-w64-mingw32
ac_cv_member_struct_sockaddr_storage_ss_family=yes
ac_cv_objext=o
ac_cv_path_EGREP='/bin/grep -E'
ac_cv_path_GREP=/bin/grep
ac_cv_path_install='/usr/bin/install -c'
ac_cv_path_mkdir=/bin/mkdir
ac_cv_prog_AR=x86_64-w64-mingw32-ar
ac_cv_prog_AWK=gawk
ac_cv_prog_CC=x86_64-w64-mingw32-gcc
ac_cv_prog_CPP='x86_64-w64-mingw32-gcc -E'
ac_cv_prog_RANLIB=x86_64-w64-mingw32-ranlib
ac_cv_prog_STRIP=x86_64-w64-mingw32-strip
ac_cv_prog_cc_c89=
ac_cv_prog_cc_g=yes
ac_cv_prog_make_make_set=yes
ac_cv_type_mode_t=yes
ac_cv_type_pid_t=yes
ac_cv_type_sa_family_t=no
ac_cv_type_socklen_t=yes
ac_cv_type_struct_sockaddr_storage=yes
am_cv_CC_dependencies_compiler_type=gcc3
am_cv_make_support_nested_variables=yes
am_cv_prog_cc_c_o=yes
gl_cv_c_amsterdam_compiler=no
gl_cv_compiler_check_decl_option=none
gl_cv_compiler_clang=no
gl_cv_func_wsastartup=yes
gl_cv_have_include_next=yes
gl_cv_header_errno_h_EMULTIHOP=no
gl_cv_header_errno_h_ENOLINK=yes
gl_cv_header_errno_h_EOVERFLOW=yes
gl_cv_header_errno_h_complete=no
gl_cv_header_sys_socket_h_selfcontained=no
gl_cv_header_working_stdalign_h=yes
gl_cv_next_errno_h='<errno.h>'
gl_cv_next_sys_socket_h='<sys/socket.h>'
gl_cv_next_sys_types_h='<sys/types.h>'
gl_cv_next_sys_uio_h='<sys/uio.h>'
gl_cv_source_line_length_unlimited=yes
gt_cv_ssize_t=yes

## ----------------- ##
## Output variables. ##
## ----------------- ##

ACLOCAL='${SHELL} /home/buzz/ardupilot/missing aclocal-1.16'
AMDEPBACKSLASH='\'
AMDEP_FALSE='#'
AMDEP_TRUE=''
AMTAR='$${TAR-tar}'
AM_BACKSLASH='\'
AM_DEFAULT_V='$(AM_DEFAULT_VERBOSITY)'
AM_DEFAULT_VERBOSITY='1'
AM_V='$(V)'
AR='x86_64-w64-mingw32-ar'
ARFLAGS='cr'
AUTOCONF='${SHELL} /home/buzz/ardupilot/missing autoconf'
AUTOHEADER='${SHELL} /home/buzz/ardupilot/missing autoheader'
AUTOMAKE='${SHELL} /home/buzz/ardupilot/missing automake-1.16'
AWK='gawk'
CC='x86_64-w64-mingw32-gcc'
CCDEPMODE='depmode=gcc3'
CFLAGS='-g -O2'
CPP='x86_64-w64-mingw32-gcc -E'
CPPFLAGS=''
CYGPATH_W='echo'
DEFS='-DHAVE_CONFIG_H'
DEPDIR='.deps'
ECHO_C=''
ECHO_N='-n'
ECHO_T=''
EGREP='/bin/grep -E'
EMULTIHOP_HIDDEN='0'
EMULTIHOP_VALUE=''
ENOLINK_HIDDEN='0'
ENOLINK_VALUE=''
EOVERFLOW_HIDDEN='0'
EOVERFLOW_VALUE=''
ERRNO_H='errno.h'
EXEEXT='.exe'
GL_COND_LIBTOOL_FALSE=''
GL_COND_LIBTOOL_TRUE='#'
GL_GENERATE_ERRNO_H_FALSE='#'
GL_GENERATE_ERRNO_H_TRUE=''
GL_GENERATE_STDALIGN_H_FALSE=''
GL_GENERATE_STDALIGN_H_TRUE='#'
GNULIB_ACCEPT4='0'
GNULIB_ACCEPT='0'
GNULIB_BIND='1'
GNULIB_CONNECT='0'
GNULIB_GETPEERNAME='0'
GNULIB_GETSOCKNAME='0'
GNULIB_GETSOCKOPT='0'
GNULIB_LISTEN='0'
GNULIB_RECV='0'
GNULIB_RECVFROM='0'
GNULIB_SEND='0'
GNULIB_SENDTO='0'
GNULIB_SETSOCKOPT='0'
GNULIB_SHUTDOWN='0'
GNULIB_SOCKET='0'
GREP='/bin/grep'
HAVE_ACCEPT4='1'
HAVE_MSVC_INVALID_PARAMETER_HANDLER='1'
HAVE_SA_FAMILY_T='0'
HAVE_STRUCT_SOCKADDR_STORAGE='1'
HAVE_STRUCT_SOCKADDR_STORAGE_SS_FAMILY='1'
HAVE_SYS_SOCKET_H='0'
HAVE_SYS_UIO_H='0'
HAVE_WINSOCK2_H='1'
HAVE_WS2TCPIP_H='1'
INCLUDE_NEXT='include_next'
INCLUDE_NEXT_AS_FIRST_DIRECTIVE='include_next'
INSTALL_DATA='${INSTALL} -m 644'
INSTALL_PROGRAM='${INSTALL}'
INSTALL_SCRIPT='${INSTALL}'
INSTALL_STRIP_PROGRAM='$(install_sh) -c -s'
LDFLAGS=''
LIBGNU_LIBDEPS=''
LIBGNU_LTLIBDEPS=''
LIBOBJS=''
LIBS=''
LIBSOCKET='-lws2_32'
LTLIBOBJS=''
MAKEINFO='${SHELL} /home/buzz/ardupilot/missing makeinfo'
MKDIR_P='/bin/mkdir -p'
NEXT_AS_FIRST_DIRECTIVE_ERRNO_H='<errno.h>'
NEXT_AS_FIRST_DIRECTIVE_SYS_SOCKET_H='<sys/socket.h>'
NEXT_AS_FIRST_DIRECTIVE_SYS_TYPES_H='<sys/types.h>'
NEXT_AS_FIRST_DIRECTIVE_SYS_UIO_H='<sys/uio.h>'
NEXT_ERRNO_H='<errno.h>'
NEXT_SYS_SOCKET_H='<sys/socket.h>'
NEXT_SYS_TYPES_H='<sys/types.h>'
NEXT_SYS_UIO_H='<sys/uio.h>'
OBJEXT='o'
PACKAGE='ardumingw'
PACKAGE_BUGREPORT=''
PACKAGE_NAME='ardumingw'
PACKAGE_STRING='ardumingw 0.1'
PACKAGE_TARNAME='ardumingw'
PACKAGE_URL=''
PACKAGE_VERSION='0.1'
PATH_SEPARATOR=':'
PRAGMA_COLUMNS=''
PRAGMA_SYSTEM_HEADER='#pragma GCC system_header'
RANLIB='x86_64-w64-mingw32-ranlib'
SET_MAKE=''
SHELL='/bin/bash'
STDALIGN_H=''
STRIP='x86_64-w64-mingw32-strip'
VERSION='0.1'
WINDOWS_64_BIT_OFF_T='0'
WINDOWS_STAT_INODES='0'
ac_ct_CC=''
am__EXEEXT_FALSE='#'
am__EXEEXT_TRUE=''
am__fastdepCC_FALSE='#'
am__fastdepCC_TRUE=''
am__include='include'
am__isrc=''
am__leading_dot='.'
am__nodep='_no'
am__quote=''
am__tar='$${TAR-tar} chof - "$$tardir"'
am__untar='$${TAR-tar} xf -'
bindir='${exec_prefix}/bin'
build='x86_64-pc-linux-gnu'
build_alias=''
build_cpu='x86_64'
build_os='linux-gnu'
build_vendor='pc'
datadir='${datarootdir}'
datarootdir='${prefix}/share'
docdir='${datarootdir}/doc/${PACKAGE_TARNAME}'
dvidir='${docdir}'
exec_prefix='${prefix}'
gl_LIBOBJS=' bind.o msvc-inval.o msvc-nothrow.o'
gl_LTLIBOBJS=' bind.lo msvc-inval.lo msvc-nothrow.lo'
gltests_LIBOBJS=''
gltests_LTLIBOBJS=''
gltests_WITNESS='IN_ARDUMINGW_GNULIB_TESTS'
host='x86_64-w64-mingw32'
host_alias='x86_64-w64-mingw32'
host_cpu='x86_64'
host_os='mingw32'
host_vendor='w64'
htmldir='${docdir}'
includedir='${prefix}/include'
infodir='${datarootdir}/info'
install_sh='${SHELL} /home/buzz/ardupilot/install-sh'
libdir='${exec_prefix}/lib'
libexecdir='${exec_prefix}/libexec'
localedir='${datarootdir}/locale'
localstatedir='${prefix}/var'
mandir='${datarootdir}/man'
mkdir_p='$(MKDIR_P)'
oldincludedir='/usr/include'
pdfdir='${docdir}'
prefix='/usr/local'
program_transform_name='s,x,x,'
psdir='${docdir}'
runstatedir='${localstatedir}/run'
sbindir='${exec_prefix}/sbin'
sharedstatedir='${prefix}/com'
sysconfdir='${prefix}/etc'
target_alias=''

## ----------- ##
## confdefs.h. ##
## ----------- ##

/* confdefs.h */
#define PACKAGE_NAME "ardumingw"
#define PACKAGE_TARNAME "ardumingw"
#define PACKAGE_VERSION "0.1"
#define PACKAGE_STRING "ardumingw 0.1"
#define PACKAGE_BUGREPORT ""
#define PACKAGE_URL ""
#define PACKAGE "ardumingw"
#define VERSION "0.1"
#define STDC_HEADERS 1
#define HAVE_SYS_TYPES_H 1
#define HAVE_SYS_STAT_H 1
#define HAVE_STDLIB_H 1
#define HAVE_STRING_H 1
#define HAVE_MEMORY_H 1
#define HAVE_STRINGS_H 1
#define HAVE_INTTYPES_H 1
#define HAVE_STDINT_H 1
#define HAVE_UNISTD_H 1
#define HAVE_WS2TCPIP_H 1
#define restrict __restrict
#define HAVE_STRUCT_SOCKADDR_STORAGE 1
#define HAVE_STRUCT_SOCKADDR_STORAGE_SS_FAMILY 1
#define HAVE_WINSOCK2_H 1
#define HAVE__SET_INVALID_PARAMETER_HANDLER 1
#define HAVE_MSVC_INVALID_PARAMETER_HANDLER 1
#define HAVE_WINSOCK2_H 1
#define WINDOWS_SOCKETS 1
#define _USE_STD_STAT 1
#define GNULIB_TEST_BIND 1
#define GNULIB_MSVC_NOTHROW 1

configure: exit 0
